<?xml version="1.0" encoding="UTF-8"?>
<!-- Generated by org.testng.reporters.JUnitXMLReporter -->
<testsuite ignored="10" hostname="DESKTOP-VKDEH0D" failures="1" tests="1" name="Club Login - National Level Doubles Tournament Entry" time="59.261" errors="0" timestamp="2023-01-28T09:10:40 IST">
  <testcase classname="clubExecutePageClass.TournamentEntryPageExecuteTestClass" name="toVerifyClubCanDoNationalLevelDoublesTournamentsEnrolment" time="54.144">
    <failure type="org.openqa.selenium.NoSuchElementException" message="no such element: Unable to locate element: {&amp;quot;method&amp;quot;:&amp;quot;css selector&amp;quot;,&amp;quot;selector&amp;quot;:&amp;quot;#chkdoubles&amp;quot;}
  (Session info: chrome=109.0.5414.120)
For documentation on this error, please visit: https://selenium.dev/exceptions/#no_such_element
Build info: version: &amp;apos;4.6.0&amp;apos;, revision: &amp;apos;79f1c02ae20&amp;apos;
System info: os.name: &amp;apos;Windows 10&amp;apos;, os.arch: &amp;apos;amd64&amp;apos;, os.version: &amp;apos;10.0&amp;apos;, java.version: &amp;apos;19.0.1&amp;apos;
Driver info: org.openqa.selenium.chrome.ChromeDriver
Command: [228ec619e5d6072f45bbdaf008ca87d9, findElement {using=id, value=chkdoubles}]
Capabilities {acceptInsecureCerts: false, browserName: chrome, browserVersion: 109.0.5414.120, chrome: {chromedriverVersion: 109.0.5414.74 (e7c5703604da..., userDataDir: C:\Users\DELL\AppData\Local...}, goog:chromeOptions: {debuggerAddress: localhost:61152}, networkConnectionEnabled: false, pageLoadStrategy: normal, platformName: WINDOWS, proxy: Proxy(), se:cdp: ws://localhost:61152/devtoo..., se:cdpVersion: 109.0.5414.120, setWindowRect: true, strictFileInteractability: false, timeouts: {implicit: 0, pageLoad: 300000, script: 30000}, unhandledPromptBehavior: dismiss and notify, webauthn:extension:credBlob: true, webauthn:extension:largeBlob: true, webauthn:virtualAuthenticators: true}
Session ID: 228ec619e5d6072f45bbdaf008ca87d9">
      <![CDATA[org.openqa.selenium.NoSuchElementException: no such element: Unable to locate element: {"method":"css selector","selector":"#chkdoubles"}
  (Session info: chrome=109.0.5414.120)
For documentation on this error, please visit: https://selenium.dev/exceptions/#no_such_element
Build info: version: '4.6.0', revision: '79f1c02ae20'
System info: os.name: 'Windows 10', os.arch: 'amd64', os.version: '10.0', java.version: '19.0.1'
Driver info: org.openqa.selenium.chrome.ChromeDriver
Command: [228ec619e5d6072f45bbdaf008ca87d9, findElement {using=id, value=chkdoubles}]
Capabilities {acceptInsecureCerts: false, browserName: chrome, browserVersion: 109.0.5414.120, chrome: {chromedriverVersion: 109.0.5414.74 (e7c5703604da..., userDataDir: C:\Users\DELL\AppData\Local...}, goog:chromeOptions: {debuggerAddress: localhost:61152}, networkConnectionEnabled: false, pageLoadStrategy: normal, platformName: WINDOWS, proxy: Proxy(), se:cdp: ws://localhost:61152/devtoo..., se:cdpVersion: 109.0.5414.120, setWindowRect: true, strictFileInteractability: false, timeouts: {implicit: 0, pageLoad: 300000, script: 30000}, unhandledPromptBehavior: dismiss and notify, webauthn:extension:credBlob: true, webauthn:extension:largeBlob: true, webauthn:virtualAuthenticators: true}
Session ID: 228ec619e5d6072f45bbdaf008ca87d9
at org.openqa.selenium.remote.codec.w3c.W3CHttpResponseCodec.createException(W3CHttpResponseCodec.java:200)
at org.openqa.selenium.remote.codec.w3c.W3CHttpResponseCodec.decode(W3CHttpResponseCodec.java:133)
at org.openqa.selenium.remote.codec.w3c.W3CHttpResponseCodec.decode(W3CHttpResponseCodec.java:53)
at org.openqa.selenium.remote.HttpCommandExecutor.execute(HttpCommandExecutor.java:184)
at org.openqa.selenium.remote.service.DriverCommandExecutor.invokeExecute(DriverCommandExecutor.java:167)
at org.openqa.selenium.remote.service.DriverCommandExecutor.execute(DriverCommandExecutor.java:142)
at org.openqa.selenium.remote.RemoteWebDriver.execute(RemoteWebDriver.java:541)
at org.openqa.selenium.remote.ElementLocation$ElementFinder$2.findElement(ElementLocation.java:162)
at org.openqa.selenium.remote.ElementLocation.findElement(ElementLocation.java:60)
at org.openqa.selenium.remote.RemoteWebDriver.findElement(RemoteWebDriver.java:365)
at org.openqa.selenium.remote.RemoteWebDriver.findElement(RemoteWebDriver.java:357)
at org.openqa.selenium.support.pagefactory.DefaultElementLocator.findElement(DefaultElementLocator.java:70)
at org.openqa.selenium.support.pagefactory.internal.LocatingElementHandler.invoke(LocatingElementHandler.java:39)
at jdk.proxy2/jdk.proxy2.$Proxy20.click(Unknown Source)
at utility.GeneralUtilities.clickElement(GeneralUtilities.java:27)
at clubLogin.TournamentEntryPage.clickOnDoublesRadioButton(TournamentEntryPage.java:243)
at clubExecutePageClass.TournamentEntryPageExecuteTestClass.toVerifyClubCanDoNationalLevelDoublesTournamentsEnrolment(TournamentEntryPageExecuteTestClass.java:569)
at java.base/java.util.ArrayList.forEach(ArrayList.java:1511)
... Removed 28 stack frames]]>
    </failure>
  </testcase> <!-- toVerifyClubCanDoNationalLevelDoublesTournamentsEnrolment -->
  <testcase classname="clubExecutePageClass.TournamentEntryPageExecuteTestClass" name="toVerifyClubCanDoNationalLevelMixedDoublesTournamentsEnrolment" time="0.0">
    <ignored/>
  </testcase> <!-- toVerifyClubCanDoNationalLevelMixedDoublesTournamentsEnrolment -->
  <testcase classname="clubExecutePageClass.TournamentEntryPageExecuteTestClass" name="toVerifyClubCanDoDistrictLevelSinglesTournamentsEnrolment" time="0.0">
    <ignored/>
  </testcase> <!-- toVerifyClubCanDoDistrictLevelSinglesTournamentsEnrolment -->
  <testcase classname="clubExecutePageClass.TournamentEntryPageExecuteTestClass" name="toVerifyClubCanDoDistrictLevelDoublesTournamentsEnrolment" time="0.0">
    <ignored/>
  </testcase> <!-- toVerifyClubCanDoDistrictLevelDoublesTournamentsEnrolment -->
  <testcase classname="clubExecutePageClass.TournamentEntryPageExecuteTestClass" name="toVerifyClubCanDoMixedDoublesDistrictLevelTournamentEnrolment" time="0.0">
    <ignored/>
  </testcase> <!-- toVerifyClubCanDoMixedDoublesDistrictLevelTournamentEnrolment -->
  <testcase classname="clubExecutePageClass.TournamentEntryPageExecuteTestClass" name="toVerifyClubCanDoStateLevelDoublesTournamentsEnrolment" time="0.0">
    <ignored/>
  </testcase> <!-- toVerifyClubCanDoStateLevelDoublesTournamentsEnrolment -->
  <testcase classname="clubExecutePageClass.TournamentEntryPageExecuteTestClass" name="toVerifyStateLevelMixedDoublesTournamentsEnrolment" time="0.0">
    <ignored/>
  </testcase> <!-- toVerifyStateLevelMixedDoublesTournamentsEnrolment -->
  <testcase classname="clubExecutePageClass.TournamentEntryPageExecuteTestClass" name="toVerifyClubCanDoStateLevelDoublesPartnerOutsideClubTournamentsEnrolment" time="0.0">
    <ignored/>
  </testcase> <!-- toVerifyClubCanDoStateLevelDoublesPartnerOutsideClubTournamentsEnrolment -->
  <testcase classname="clubExecutePageClass.TournamentEntryPageExecuteTestClass" name="toVerifyStateLevelMixedDoublesOutsideClubEnrolment" time="0.0">
    <ignored/>
  </testcase> <!-- toVerifyStateLevelMixedDoublesOutsideClubEnrolment -->
  <testcase classname="clubExecutePageClass.TournamentEntryPageExecuteTestClass" name="toVerifyClubCanDoNationalLevelSinglesTournamentEnrolment" time="0.0">
    <ignored/>
  </testcase> <!-- toVerifyClubCanDoNationalLevelSinglesTournamentEnrolment -->
  <testcase classname="clubExecutePageClass.TournamentEntryPageExecuteTestClass" name="toVerifyClubCanDoStateLevelSinglesTournamentsEnrolment" time="0.0">
    <ignored/>
  </testcase> <!-- toVerifyClubCanDoStateLevelSinglesTournamentsEnrolment -->
</testsuite> <!-- Club Login - National Level Doubles Tournament Entry -->
