<?xml version="1.0" encoding="UTF-8"?>
<!-- Generated by org.testng.reporters.JUnitXMLReporter -->
<testsuite ignored="2" hostname="DESKTOP-VKDEH0D" failures="1" tests="13" name="Login" time="54.863" errors="0" timestamp="2023-01-31T14:09:12 IST">
  <testcase classname="clubExecutePageClass.ClubLoginPageExecuteTestClass" name="@BeforeMethod beforeMethod" time="2.649">
    <failure type="org.openqa.selenium.NoSuchWindowException" message="no such window: target window already closed
from unknown error: web view not found
  (Session info: chrome=109.0.5414.120)
Build info: version: &amp;apos;4.6.0&amp;apos;, revision: &amp;apos;79f1c02ae20&amp;apos;
System info: os.name: &amp;apos;Windows 10&amp;apos;, os.arch: &amp;apos;amd64&amp;apos;, os.version: &amp;apos;10.0&amp;apos;, java.version: &amp;apos;19.0.1&amp;apos;
Driver info: org.openqa.selenium.chrome.ChromeDriver
Command: [e82d36dd7636b57af262ff9f96643fe8, maximizeCurrentWindow {}]
Capabilities {acceptInsecureCerts: false, browserName: chrome, browserVersion: 109.0.5414.120, chrome: {chromedriverVersion: 109.0.5414.74 (e7c5703604da..., userDataDir: C:\Users\DELL\AppData\Local...}, goog:chromeOptions: {debuggerAddress: localhost:60157}, networkConnectionEnabled: false, pageLoadStrategy: normal, platformName: WINDOWS, proxy: Proxy(), se:cdp: ws://localhost:60157/devtoo..., se:cdpVersion: 109.0.5414.120, setWindowRect: true, strictFileInteractability: false, timeouts: {implicit: 0, pageLoad: 300000, script: 30000}, unhandledPromptBehavior: dismiss and notify, webauthn:extension:credBlob: true, webauthn:extension:largeBlob: true, webauthn:virtualAuthenticators: true}
Session ID: e82d36dd7636b57af262ff9f96643fe8">
      <![CDATA[org.openqa.selenium.NoSuchWindowException: no such window: target window already closed
from unknown error: web view not found
  (Session info: chrome=109.0.5414.120)
Build info: version: '4.6.0', revision: '79f1c02ae20'
System info: os.name: 'Windows 10', os.arch: 'amd64', os.version: '10.0', java.version: '19.0.1'
Driver info: org.openqa.selenium.chrome.ChromeDriver
Command: [e82d36dd7636b57af262ff9f96643fe8, maximizeCurrentWindow {}]
Capabilities {acceptInsecureCerts: false, browserName: chrome, browserVersion: 109.0.5414.120, chrome: {chromedriverVersion: 109.0.5414.74 (e7c5703604da..., userDataDir: C:\Users\DELL\AppData\Local...}, goog:chromeOptions: {debuggerAddress: localhost:60157}, networkConnectionEnabled: false, pageLoadStrategy: normal, platformName: WINDOWS, proxy: Proxy(), se:cdp: ws://localhost:60157/devtoo..., se:cdpVersion: 109.0.5414.120, setWindowRect: true, strictFileInteractability: false, timeouts: {implicit: 0, pageLoad: 300000, script: 30000}, unhandledPromptBehavior: dismiss and notify, webauthn:extension:credBlob: true, webauthn:extension:largeBlob: true, webauthn:virtualAuthenticators: true}
Session ID: e82d36dd7636b57af262ff9f96643fe8
at org.openqa.selenium.remote.codec.w3c.W3CHttpResponseCodec.createException(W3CHttpResponseCodec.java:200)
at org.openqa.selenium.remote.codec.w3c.W3CHttpResponseCodec.decode(W3CHttpResponseCodec.java:133)
at org.openqa.selenium.remote.codec.w3c.W3CHttpResponseCodec.decode(W3CHttpResponseCodec.java:53)
at org.openqa.selenium.remote.HttpCommandExecutor.execute(HttpCommandExecutor.java:184)
at org.openqa.selenium.remote.service.DriverCommandExecutor.invokeExecute(DriverCommandExecutor.java:167)
at org.openqa.selenium.remote.service.DriverCommandExecutor.execute(DriverCommandExecutor.java:142)
at org.openqa.selenium.remote.RemoteWebDriver.execute(RemoteWebDriver.java:541)
at org.openqa.selenium.remote.RemoteWebDriver.execute(RemoteWebDriver.java:596)
at org.openqa.selenium.remote.RemoteWebDriver.execute(RemoteWebDriver.java:600)
at org.openqa.selenium.remote.RemoteWebDriver$RemoteWebDriverOptions$RemoteWindow.maximize(RemoteWebDriver.java:952)
at baseClass.BaseClas.setUp(BaseClas.java:57)
at clubExecutePageClass.ClubLoginPageExecuteTestClass.beforeMethod(ClubLoginPageExecuteTestClass.java:23)
at java.base/java.util.ArrayList.forEach(ArrayList.java:1511)
... Removed 32 stack frames]]>
    </failure>
  </testcase> <!-- @BeforeMethod beforeMethod -->
  <testcase classname="clubExecutePageClass.ClubLoginPageExecuteTestClass" name="@AfterMethod afterMethod" time="-1.675154346907E9">
    <skipped/>
  </testcase> <!-- @AfterMethod afterMethod -->
  <testcase classname="clubExecutePageClass.ClubLoginPageExecuteTestClass" name="@BeforeMethod beforeMethod" time="-1.675154346909E9">
    <skipped/>
  </testcase> <!-- @BeforeMethod beforeMethod -->
  <testcase classname="clubExecutePageClass.ClubLoginPageExecuteTestClass" name="@AfterMethod afterMethod" time="-1.675154346953E9">
    <skipped/>
  </testcase> <!-- @AfterMethod afterMethod -->
  <testcase classname="clubExecutePageClass.ClubLoginPageExecuteTestClass" name="@BeforeMethod beforeMethod" time="-1.675154346955E9">
    <skipped/>
  </testcase> <!-- @BeforeMethod beforeMethod -->
  <testcase classname="clubExecutePageClass.ClubLoginPageExecuteTestClass" name="@AfterMethod afterMethod" time="-1.675154346964E9">
    <skipped/>
  </testcase> <!-- @AfterMethod afterMethod -->
  <testcase classname="districtSecretaryExecutePageClass.DistrictSecretaryLoginPageExecuteTestClass" name="@BeforeMethod beforeMethod" time="2.52">
    <failure type="org.openqa.selenium.NoSuchWindowException" message="no such window: target window already closed
from unknown error: web view not found
  (Session info: chrome=109.0.5414.120)
Build info: version: &amp;apos;4.6.0&amp;apos;, revision: &amp;apos;79f1c02ae20&amp;apos;
System info: os.name: &amp;apos;Windows 10&amp;apos;, os.arch: &amp;apos;amd64&amp;apos;, os.version: &amp;apos;10.0&amp;apos;, java.version: &amp;apos;19.0.1&amp;apos;
Driver info: org.openqa.selenium.chrome.ChromeDriver
Command: [747e14d4c9e84d5384461ee9cf911122, maximizeCurrentWindow {}]
Capabilities {acceptInsecureCerts: false, browserName: chrome, browserVersion: 109.0.5414.120, chrome: {chromedriverVersion: 109.0.5414.74 (e7c5703604da..., userDataDir: C:\Users\DELL\AppData\Local...}, goog:chromeOptions: {debuggerAddress: localhost:60184}, networkConnectionEnabled: false, pageLoadStrategy: normal, platformName: WINDOWS, proxy: Proxy(), se:cdp: ws://localhost:60184/devtoo..., se:cdpVersion: 109.0.5414.120, setWindowRect: true, strictFileInteractability: false, timeouts: {implicit: 0, pageLoad: 300000, script: 30000}, unhandledPromptBehavior: dismiss and notify, webauthn:extension:credBlob: true, webauthn:extension:largeBlob: true, webauthn:virtualAuthenticators: true}
Session ID: 747e14d4c9e84d5384461ee9cf911122">
      <![CDATA[org.openqa.selenium.NoSuchWindowException: no such window: target window already closed
from unknown error: web view not found
  (Session info: chrome=109.0.5414.120)
Build info: version: '4.6.0', revision: '79f1c02ae20'
System info: os.name: 'Windows 10', os.arch: 'amd64', os.version: '10.0', java.version: '19.0.1'
Driver info: org.openqa.selenium.chrome.ChromeDriver
Command: [747e14d4c9e84d5384461ee9cf911122, maximizeCurrentWindow {}]
Capabilities {acceptInsecureCerts: false, browserName: chrome, browserVersion: 109.0.5414.120, chrome: {chromedriverVersion: 109.0.5414.74 (e7c5703604da..., userDataDir: C:\Users\DELL\AppData\Local...}, goog:chromeOptions: {debuggerAddress: localhost:60184}, networkConnectionEnabled: false, pageLoadStrategy: normal, platformName: WINDOWS, proxy: Proxy(), se:cdp: ws://localhost:60184/devtoo..., se:cdpVersion: 109.0.5414.120, setWindowRect: true, strictFileInteractability: false, timeouts: {implicit: 0, pageLoad: 300000, script: 30000}, unhandledPromptBehavior: dismiss and notify, webauthn:extension:credBlob: true, webauthn:extension:largeBlob: true, webauthn:virtualAuthenticators: true}
Session ID: 747e14d4c9e84d5384461ee9cf911122
at org.openqa.selenium.remote.codec.w3c.W3CHttpResponseCodec.createException(W3CHttpResponseCodec.java:200)
at org.openqa.selenium.remote.codec.w3c.W3CHttpResponseCodec.decode(W3CHttpResponseCodec.java:133)
at org.openqa.selenium.remote.codec.w3c.W3CHttpResponseCodec.decode(W3CHttpResponseCodec.java:53)
at org.openqa.selenium.remote.HttpCommandExecutor.execute(HttpCommandExecutor.java:184)
at org.openqa.selenium.remote.service.DriverCommandExecutor.invokeExecute(DriverCommandExecutor.java:167)
at org.openqa.selenium.remote.service.DriverCommandExecutor.execute(DriverCommandExecutor.java:142)
at org.openqa.selenium.remote.RemoteWebDriver.execute(RemoteWebDriver.java:541)
at org.openqa.selenium.remote.RemoteWebDriver.execute(RemoteWebDriver.java:596)
at org.openqa.selenium.remote.RemoteWebDriver.execute(RemoteWebDriver.java:600)
at org.openqa.selenium.remote.RemoteWebDriver$RemoteWebDriverOptions$RemoteWindow.maximize(RemoteWebDriver.java:952)
at baseClass.BaseClas.setUp(BaseClas.java:57)
at districtSecretaryExecutePageClass.DistrictSecretaryLoginPageExecuteTestClass.beforeMethod(DistrictSecretaryLoginPageExecuteTestClass.java:24)
at java.base/java.util.ArrayList.forEach(ArrayList.java:1511)
... Removed 32 stack frames]]>
    </failure>
  </testcase> <!-- @BeforeMethod beforeMethod -->
  <testcase classname="districtSecretaryExecutePageClass.DistrictSecretaryLoginPageExecuteTestClass" name="@AfterMethod afterMethod" time="-1.675154349517E9">
    <skipped/>
  </testcase> <!-- @AfterMethod afterMethod -->
  <testcase classname="districtSecretaryExecutePageClass.DistrictSecretaryLoginPageExecuteTestClass" name="@BeforeMethod beforeMethod" time="-1.675154349524E9">
    <skipped/>
  </testcase> <!-- @BeforeMethod beforeMethod -->
  <testcase classname="districtSecretaryExecutePageClass.DistrictSecretaryLoginPageExecuteTestClass" name="@AfterMethod afterMethod" time="-1.675154349535E9">
    <skipped/>
  </testcase> <!-- @AfterMethod afterMethod -->
  <testcase classname="districtSecretaryExecutePageClass.DistrictSecretaryLoginPageExecuteTestClass" name="@BeforeMethod beforeMethod" time="-1.675154349537E9">
    <skipped/>
  </testcase> <!-- @BeforeMethod beforeMethod -->
  <testcase classname="districtSecretaryExecutePageClass.DistrictSecretaryLoginPageExecuteTestClass" name="@AfterMethod afterMethod" time="-1.675154349636E9">
    <skipped/>
  </testcase> <!-- @AfterMethod afterMethod -->
  <testcase classname="districtSecretaryExecutePageClass.DistrictSecretaryLoginPageExecuteTestClass" name="@BeforeMethod beforeMethod" time="-1.675154349655E9">
    <skipped/>
  </testcase> <!-- @BeforeMethod beforeMethod -->
  <testcase classname="districtSecretaryExecutePageClass.DistrictSecretaryLoginPageExecuteTestClass" name="@AfterMethod afterMethod" time="-1.675154349673E9">
    <skipped/>
  </testcase> <!-- @AfterMethod afterMethod -->
  <testcase classname="stateSecretaryExecutePageClass.LoginPageExecuteTestClass" name="@BeforeMethod beforeMethod" time="2.22">
    <failure type="org.openqa.selenium.NoSuchWindowException" message="no such window: target window already closed
from unknown error: web view not found
  (Session info: chrome=109.0.5414.120)
Build info: version: &amp;apos;4.6.0&amp;apos;, revision: &amp;apos;79f1c02ae20&amp;apos;
System info: os.name: &amp;apos;Windows 10&amp;apos;, os.arch: &amp;apos;amd64&amp;apos;, os.version: &amp;apos;10.0&amp;apos;, java.version: &amp;apos;19.0.1&amp;apos;
Driver info: org.openqa.selenium.chrome.ChromeDriver
Command: [78414129c9eb1761e1b1f9cb086c9474, maximizeCurrentWindow {}]
Capabilities {acceptInsecureCerts: false, browserName: chrome, browserVersion: 109.0.5414.120, chrome: {chromedriverVersion: 109.0.5414.74 (e7c5703604da..., userDataDir: C:\Users\DELL\AppData\Local...}, goog:chromeOptions: {debuggerAddress: localhost:60209}, networkConnectionEnabled: false, pageLoadStrategy: normal, platformName: WINDOWS, proxy: Proxy(), se:cdp: ws://localhost:60209/devtoo..., se:cdpVersion: 109.0.5414.120, setWindowRect: true, strictFileInteractability: false, timeouts: {implicit: 0, pageLoad: 300000, script: 30000}, unhandledPromptBehavior: dismiss and notify, webauthn:extension:credBlob: true, webauthn:extension:largeBlob: true, webauthn:virtualAuthenticators: true}
Session ID: 78414129c9eb1761e1b1f9cb086c9474">
      <![CDATA[org.openqa.selenium.NoSuchWindowException: no such window: target window already closed
from unknown error: web view not found
  (Session info: chrome=109.0.5414.120)
Build info: version: '4.6.0', revision: '79f1c02ae20'
System info: os.name: 'Windows 10', os.arch: 'amd64', os.version: '10.0', java.version: '19.0.1'
Driver info: org.openqa.selenium.chrome.ChromeDriver
Command: [78414129c9eb1761e1b1f9cb086c9474, maximizeCurrentWindow {}]
Capabilities {acceptInsecureCerts: false, browserName: chrome, browserVersion: 109.0.5414.120, chrome: {chromedriverVersion: 109.0.5414.74 (e7c5703604da..., userDataDir: C:\Users\DELL\AppData\Local...}, goog:chromeOptions: {debuggerAddress: localhost:60209}, networkConnectionEnabled: false, pageLoadStrategy: normal, platformName: WINDOWS, proxy: Proxy(), se:cdp: ws://localhost:60209/devtoo..., se:cdpVersion: 109.0.5414.120, setWindowRect: true, strictFileInteractability: false, timeouts: {implicit: 0, pageLoad: 300000, script: 30000}, unhandledPromptBehavior: dismiss and notify, webauthn:extension:credBlob: true, webauthn:extension:largeBlob: true, webauthn:virtualAuthenticators: true}
Session ID: 78414129c9eb1761e1b1f9cb086c9474
at org.openqa.selenium.remote.codec.w3c.W3CHttpResponseCodec.createException(W3CHttpResponseCodec.java:200)
at org.openqa.selenium.remote.codec.w3c.W3CHttpResponseCodec.decode(W3CHttpResponseCodec.java:133)
at org.openqa.selenium.remote.codec.w3c.W3CHttpResponseCodec.decode(W3CHttpResponseCodec.java:53)
at org.openqa.selenium.remote.HttpCommandExecutor.execute(HttpCommandExecutor.java:184)
at org.openqa.selenium.remote.service.DriverCommandExecutor.invokeExecute(DriverCommandExecutor.java:167)
at org.openqa.selenium.remote.service.DriverCommandExecutor.execute(DriverCommandExecutor.java:142)
at org.openqa.selenium.remote.RemoteWebDriver.execute(RemoteWebDriver.java:541)
at org.openqa.selenium.remote.RemoteWebDriver.execute(RemoteWebDriver.java:596)
at org.openqa.selenium.remote.RemoteWebDriver.execute(RemoteWebDriver.java:600)
at org.openqa.selenium.remote.RemoteWebDriver$RemoteWebDriverOptions$RemoteWindow.maximize(RemoteWebDriver.java:952)
at baseClass.BaseClas.setUp(BaseClas.java:57)
at stateSecretaryExecutePageClass.LoginPageExecuteTestClass.beforeMethod(LoginPageExecuteTestClass.java:30)
at java.base/java.util.ArrayList.forEach(ArrayList.java:1511)
... Removed 32 stack frames]]>
    </failure>
  </testcase> <!-- @BeforeMethod beforeMethod -->
  <testcase classname="stateSecretaryExecutePageClass.LoginPageExecuteTestClass" name="@AfterMethod afterMethod" time="-1.675154351915E9">
    <skipped/>
  </testcase> <!-- @AfterMethod afterMethod -->
  <testcase classname="stateSecretaryExecutePageClass.LoginPageExecuteTestClass" name="@BeforeMethod beforeMethod" time="-1.675154351916E9">
    <skipped/>
  </testcase> <!-- @BeforeMethod beforeMethod -->
  <testcase classname="stateSecretaryExecutePageClass.LoginPageExecuteTestClass" name="@AfterMethod afterMethod" time="-1.675154351922E9">
    <skipped/>
  </testcase> <!-- @AfterMethod afterMethod -->
  <testcase classname="stateSecretaryExecutePageClass.LoginPageExecuteTestClass" name="@BeforeMethod beforeMethod" time="-1.675154351924E9">
    <skipped/>
  </testcase> <!-- @BeforeMethod beforeMethod -->
  <testcase classname="stateSecretaryExecutePageClass.LoginPageExecuteTestClass" name="@AfterMethod afterMethod" time="-1.675154351968E9">
    <skipped/>
  </testcase> <!-- @AfterMethod afterMethod -->
  <testcase classname="stateSecretaryExecutePageClass.LoginPageExecuteTestClass" name="@BeforeMethod beforeMethod" time="-1.675154352006E9">
    <skipped/>
  </testcase> <!-- @BeforeMethod beforeMethod -->
  <testcase classname="stateSecretaryExecutePageClass.LoginPageExecuteTestClass" name="@AfterMethod afterMethod" time="-1.675154352029E9">
    <skipped/>
  </testcase> <!-- @AfterMethod afterMethod -->
  <testcase classname="stateSecretaryExecutePageClass.LoginPageExecuteTestClass" name="@BeforeMethod beforeMethod" time="-1.675154352033E9">
    <skipped/>
  </testcase> <!-- @BeforeMethod beforeMethod -->
  <testcase classname="stateSecretaryExecutePageClass.LoginPageExecuteTestClass" name="@AfterMethod afterMethod" time="-1.675154352051E9">
    <skipped/>
  </testcase> <!-- @AfterMethod afterMethod -->
  <testcase classname="clubExecutePageClass.ClubLoginPageExecuteTestClass" name="verifySuccessulLogin" time="38.989">
    <failure type="org.openqa.selenium.NoSuchElementException" message="no such element: Unable to locate element: {&amp;quot;method&amp;quot;:&amp;quot;css selector&amp;quot;,&amp;quot;selector&amp;quot;:&amp;quot;#titleuname1&amp;quot;}
  (Session info: chrome=109.0.5414.120)
For documentation on this error, please visit: https://selenium.dev/exceptions/#no_such_element
Build info: version: &amp;apos;4.6.0&amp;apos;, revision: &amp;apos;79f1c02ae20&amp;apos;
System info: os.name: &amp;apos;Windows 10&amp;apos;, os.arch: &amp;apos;amd64&amp;apos;, os.version: &amp;apos;10.0&amp;apos;, java.version: &amp;apos;19.0.1&amp;apos;
Driver info: org.openqa.selenium.chrome.ChromeDriver
Command: [58511a0a1e9f40bde1ca610ba79431cc, findElement {using=id, value=titleuname1}]
Capabilities {acceptInsecureCerts: false, browserName: chrome, browserVersion: 109.0.5414.120, chrome: {chromedriverVersion: 109.0.5414.74 (e7c5703604da..., userDataDir: C:\Users\DELL\AppData\Local...}, goog:chromeOptions: {debuggerAddress: localhost:60107}, networkConnectionEnabled: false, pageLoadStrategy: normal, platformName: WINDOWS, proxy: Proxy(), se:cdp: ws://localhost:60107/devtoo..., se:cdpVersion: 109.0.5414.120, setWindowRect: true, strictFileInteractability: false, timeouts: {implicit: 0, pageLoad: 300000, script: 30000}, unhandledPromptBehavior: dismiss and notify, webauthn:extension:credBlob: true, webauthn:extension:largeBlob: true, webauthn:virtualAuthenticators: true}
Session ID: 58511a0a1e9f40bde1ca610ba79431cc">
      <![CDATA[org.openqa.selenium.NoSuchElementException: no such element: Unable to locate element: {"method":"css selector","selector":"#titleuname1"}
  (Session info: chrome=109.0.5414.120)
For documentation on this error, please visit: https://selenium.dev/exceptions/#no_such_element
Build info: version: '4.6.0', revision: '79f1c02ae20'
System info: os.name: 'Windows 10', os.arch: 'amd64', os.version: '10.0', java.version: '19.0.1'
Driver info: org.openqa.selenium.chrome.ChromeDriver
Command: [58511a0a1e9f40bde1ca610ba79431cc, findElement {using=id, value=titleuname1}]
Capabilities {acceptInsecureCerts: false, browserName: chrome, browserVersion: 109.0.5414.120, chrome: {chromedriverVersion: 109.0.5414.74 (e7c5703604da..., userDataDir: C:\Users\DELL\AppData\Local...}, goog:chromeOptions: {debuggerAddress: localhost:60107}, networkConnectionEnabled: false, pageLoadStrategy: normal, platformName: WINDOWS, proxy: Proxy(), se:cdp: ws://localhost:60107/devtoo..., se:cdpVersion: 109.0.5414.120, setWindowRect: true, strictFileInteractability: false, timeouts: {implicit: 0, pageLoad: 300000, script: 30000}, unhandledPromptBehavior: dismiss and notify, webauthn:extension:credBlob: true, webauthn:extension:largeBlob: true, webauthn:virtualAuthenticators: true}
Session ID: 58511a0a1e9f40bde1ca610ba79431cc
at org.openqa.selenium.remote.codec.w3c.W3CHttpResponseCodec.createException(W3CHttpResponseCodec.java:200)
at org.openqa.selenium.remote.codec.w3c.W3CHttpResponseCodec.decode(W3CHttpResponseCodec.java:133)
at org.openqa.selenium.remote.codec.w3c.W3CHttpResponseCodec.decode(W3CHttpResponseCodec.java:53)
at org.openqa.selenium.remote.HttpCommandExecutor.execute(HttpCommandExecutor.java:184)
at org.openqa.selenium.remote.service.DriverCommandExecutor.invokeExecute(DriverCommandExecutor.java:167)
at org.openqa.selenium.remote.service.DriverCommandExecutor.execute(DriverCommandExecutor.java:142)
at org.openqa.selenium.remote.RemoteWebDriver.execute(RemoteWebDriver.java:541)
at org.openqa.selenium.remote.ElementLocation$ElementFinder$2.findElement(ElementLocation.java:162)
at org.openqa.selenium.remote.ElementLocation.findElement(ElementLocation.java:60)
at org.openqa.selenium.remote.RemoteWebDriver.findElement(RemoteWebDriver.java:365)
at org.openqa.selenium.remote.RemoteWebDriver.findElement(RemoteWebDriver.java:357)
at org.openqa.selenium.support.pagefactory.DefaultElementLocator.findElement(DefaultElementLocator.java:70)
at org.openqa.selenium.support.pagefactory.internal.LocatingElementHandler.invoke(LocatingElementHandler.java:39)
at jdk.proxy2/jdk.proxy2.$Proxy18.isDisplayed(Unknown Source)
at utility.GeneralUtilities.isDisplayedMethod(GeneralUtilities.java:57)
at clubLogin.ClubLoginPage.clubNameIsDisplayed(ClubLoginPage.java:82)
at clubExecutePageClass.ClubLoginPageExecuteTestClass.verifySuccessulLogin(ClubLoginPageExecuteTestClass.java:39)
at java.base/java.util.ArrayList.forEach(ArrayList.java:1511)
... Removed 28 stack frames]]>
    </failure>
  </testcase> <!-- verifySuccessulLogin -->
  <testcase classname="clubExecutePageClass.ClubLoginPageExecuteTestClass" name="verifywithInvaliUserNameAndValidPassword" time="0.0">
    <skipped/>
  </testcase> <!-- verifywithInvaliUserNameAndValidPassword -->
  <testcase classname="clubExecutePageClass.ClubLoginPageExecuteTestClass" name="verifywithvaliUserNameAndInValidPassword" time="0.0">
    <skipped/>
  </testcase> <!-- verifywithvaliUserNameAndInValidPassword -->
  <testcase classname="clubExecutePageClass.ClubLoginPageExecuteTestClass" name="verifywithInvaliUserNameAndInValidPassword" time="0.0">
    <skipped/>
  </testcase> <!-- verifywithInvaliUserNameAndInValidPassword -->
  <testcase classname="districtSecretaryExecutePageClass.DistrictSecretaryLoginPageExecuteTestClass" name="verifywithSuccessfulLogin" time="0.0">
    <skipped/>
  </testcase> <!-- verifywithSuccessfulLogin -->
  <testcase classname="districtSecretaryExecutePageClass.DistrictSecretaryLoginPageExecuteTestClass" name="verifywithInvalidUserNameAndValidPassWordfulLogin" time="0.0">
    <skipped/>
  </testcase> <!-- verifywithInvalidUserNameAndValidPassWordfulLogin -->
  <testcase classname="districtSecretaryExecutePageClass.DistrictSecretaryLoginPageExecuteTestClass" name="verifywithValidUserNameAndInValidPassWordfulLogin" time="0.0">
    <skipped/>
  </testcase> <!-- verifywithValidUserNameAndInValidPassWordfulLogin -->
  <testcase classname="districtSecretaryExecutePageClass.DistrictSecretaryLoginPageExecuteTestClass" name="verifywithInValidUserNameAndInValidPassWordfulLogin" time="0.0">
    <skipped/>
  </testcase> <!-- verifywithInValidUserNameAndInValidPassWordfulLogin -->
  <testcase classname="stateSecretaryExecutePageClass.LoginPageExecuteTestClass" name="verifyLoginwithValidUserNameAndValidPassword" time="0.0">
    <skipped/>
  </testcase> <!-- verifyLoginwithValidUserNameAndValidPassword -->
  <testcase classname="stateSecretaryExecutePageClass.LoginPageExecuteTestClass" name="verifyLoginWithInvalidUsernameAndValidPassword" time="0.0">
    <skipped/>
  </testcase> <!-- verifyLoginWithInvalidUsernameAndValidPassword -->
  <testcase classname="stateSecretaryExecutePageClass.LoginPageExecuteTestClass" name="verifyLoginwithValidUsernameandInvalidPassword" time="0.001">
    <skipped/>
  </testcase> <!-- verifyLoginwithValidUsernameandInvalidPassword -->
  <testcase classname="stateSecretaryExecutePageClass.LoginPageExecuteTestClass" name="verifyLoginwithInValidUsernameandInvalidPassword" time="0.0">
    <skipped/>
  </testcase> <!-- verifyLoginwithInValidUsernameandInvalidPassword -->
  <testcase classname="stateSecretaryExecutePageClass.LoginPageExecuteTestClass" name="verifyDashBoardPageVisibleOrNot" time="0.0">
    <skipped/>
  </testcase> <!-- verifyDashBoardPageVisibleOrNot -->
  <testcase classname="baseClass.BaseClas" name="@BeforeSuite createReport" time="0.0">
    <ignored/>
  </testcase> <!-- @BeforeSuite createReport -->
  <testcase classname="baseClass.BaseClas" name="@BeforeSuite createReport" time="0.0">
    <ignored/>
  </testcase> <!-- @BeforeSuite createReport -->
</testsuite> <!-- Login -->
