<?xml version="1.0" encoding="UTF-8"?>
<!-- Generated by org.testng.reporters.JUnitXMLReporter -->
<testsuite ignored="0" hostname="DESKTOP-VKDEH0D" failures="1" tests="3" name="State Secretary -Tournament Master" time="166.981" errors="0" timestamp="2023-01-31T10:58:18 IST">
  <testcase classname="stateSecretaryExecutePageClass.TournamentMasterExecuteTestClass" name="verifyStateSecretaryCanCreateStateTournamentsOrNot" time="64.415"/>
  <testcase classname="stateSecretaryExecutePageClass.TournamentMasterExecuteTestClass" name="verifyStateSecretaryCanCreateDistrictTournamentsOrNot" time="65.033"/>
  <testcase classname="stateSecretaryExecutePageClass.TournamentMasterExecuteTestClass" name="verifyStateSecretaryCanCreateNationalTournamentsOrNot" time="9.676">
    <failure type="org.openqa.selenium.ElementClickInterceptedException" message="element click intercepted: Element &amp;lt;span class=&amp;quot;select2-selection__arrow&amp;quot; role=&amp;quot;presentation&amp;quot;&amp;gt;...&amp;lt;/span&amp;gt; is not clickable at point (492, 194). Other element would receive the click: &amp;lt;input class=&amp;quot;select2-search__field&amp;quot; type=&amp;quot;search&amp;quot; tabindex=&amp;quot;0&amp;quot; autocomplete=&amp;quot;off&amp;quot; autocorrect=&amp;quot;off&amp;quot; autocapitalize=&amp;quot;off&amp;quot; spellcheck=&amp;quot;false&amp;quot; role=&amp;quot;textbox&amp;quot;&amp;gt;
  (Session info: chrome=109.0.5414.120)
Build info: version: &amp;apos;4.6.0&amp;apos;, revision: &amp;apos;79f1c02ae20&amp;apos;
System info: os.name: &amp;apos;Windows 10&amp;apos;, os.arch: &amp;apos;amd64&amp;apos;, os.version: &amp;apos;10.0&amp;apos;, java.version: &amp;apos;19.0.1&amp;apos;
Driver info: org.openqa.selenium.chrome.ChromeDriver
Command: [ad5b741a6bc63661c4660dcf72a99d57, clickElement {id=8c90d988-45b4-4cdb-9786-204621c4ba15}]
Capabilities {acceptInsecureCerts: false, browserName: chrome, browserVersion: 109.0.5414.120, chrome: {chromedriverVersion: 109.0.5414.74 (e7c5703604da..., userDataDir: C:\Users\DELL\AppData\Local...}, goog:chromeOptions: {debuggerAddress: localhost:57302}, networkConnectionEnabled: false, pageLoadStrategy: normal, platformName: WINDOWS, proxy: Proxy(), se:cdp: ws://localhost:57302/devtoo..., se:cdpVersion: 109.0.5414.120, setWindowRect: true, strictFileInteractability: false, timeouts: {implicit: 0, pageLoad: 300000, script: 30000}, unhandledPromptBehavior: dismiss and notify, webauthn:extension:credBlob: true, webauthn:extension:largeBlob: true, webauthn:virtualAuthenticators: true}
Element: [[ChromeDriver: chrome on WINDOWS (ad5b741a6bc63661c4660dcf72a99d57)] -&amp;gt; xpath: (//span[@class=&amp;apos;select2-selection__arrow&amp;apos;])[2]]
Session ID: ad5b741a6bc63661c4660dcf72a99d57">
      <![CDATA[org.openqa.selenium.ElementClickInterceptedException: element click intercepted: Element <span class="select2-selection__arrow" role="presentation">...</span> is not clickable at point (492, 194). Other element would receive the click: <input class="select2-search__field" type="search" tabindex="0" autocomplete="off" autocorrect="off" autocapitalize="off" spellcheck="false" role="textbox">
  (Session info: chrome=109.0.5414.120)
Build info: version: '4.6.0', revision: '79f1c02ae20'
System info: os.name: 'Windows 10', os.arch: 'amd64', os.version: '10.0', java.version: '19.0.1'
Driver info: org.openqa.selenium.chrome.ChromeDriver
Command: [ad5b741a6bc63661c4660dcf72a99d57, clickElement {id=8c90d988-45b4-4cdb-9786-204621c4ba15}]
Capabilities {acceptInsecureCerts: false, browserName: chrome, browserVersion: 109.0.5414.120, chrome: {chromedriverVersion: 109.0.5414.74 (e7c5703604da..., userDataDir: C:\Users\DELL\AppData\Local...}, goog:chromeOptions: {debuggerAddress: localhost:57302}, networkConnectionEnabled: false, pageLoadStrategy: normal, platformName: WINDOWS, proxy: Proxy(), se:cdp: ws://localhost:57302/devtoo..., se:cdpVersion: 109.0.5414.120, setWindowRect: true, strictFileInteractability: false, timeouts: {implicit: 0, pageLoad: 300000, script: 30000}, unhandledPromptBehavior: dismiss and notify, webauthn:extension:credBlob: true, webauthn:extension:largeBlob: true, webauthn:virtualAuthenticators: true}
Element: [[ChromeDriver: chrome on WINDOWS (ad5b741a6bc63661c4660dcf72a99d57)] -> xpath: (//span[@class='select2-selection__arrow'])[2]]
Session ID: ad5b741a6bc63661c4660dcf72a99d57
at org.openqa.selenium.remote.codec.w3c.W3CHttpResponseCodec.createException(W3CHttpResponseCodec.java:200)
at org.openqa.selenium.remote.codec.w3c.W3CHttpResponseCodec.decode(W3CHttpResponseCodec.java:133)
at org.openqa.selenium.remote.codec.w3c.W3CHttpResponseCodec.decode(W3CHttpResponseCodec.java:53)
at org.openqa.selenium.remote.HttpCommandExecutor.execute(HttpCommandExecutor.java:184)
at org.openqa.selenium.remote.service.DriverCommandExecutor.invokeExecute(DriverCommandExecutor.java:167)
at org.openqa.selenium.remote.service.DriverCommandExecutor.execute(DriverCommandExecutor.java:142)
at org.openqa.selenium.remote.RemoteWebDriver.execute(RemoteWebDriver.java:541)
at org.openqa.selenium.remote.RemoteWebElement.execute(RemoteWebElement.java:257)
at org.openqa.selenium.remote.RemoteWebElement.click(RemoteWebElement.java:78)
at org.openqa.selenium.support.pagefactory.internal.LocatingElementHandler.invoke(LocatingElementHandler.java:52)
at jdk.proxy2/jdk.proxy2.$Proxy20.click(Unknown Source)
at utility.GeneralUtilities.clickElement(GeneralUtilities.java:27)
at stateSecretaryLogin.TournamentMasterPage.clickOnLevel(TournamentMasterPage.java:189)
at stateSecretaryExecutePageClass.TournamentMasterExecuteTestClass.verifyStateSecretaryCanCreateNationalTournamentsOrNot(TournamentMasterExecuteTestClass.java:244)
at java.base/java.util.ArrayList.forEach(ArrayList.java:1511)
... Removed 30 stack frames]]>
    </failure>
  </testcase> <!-- verifyStateSecretaryCanCreateNationalTournamentsOrNot -->
</testsuite> <!-- State Secretary -Tournament Master -->
