<html>
<head>
<title>TestNG:  Test</title>
<link href="../testng.css" rel="stylesheet" type="text/css" />
<link href="../my-testng.css" rel="stylesheet" type="text/css" />

<style type="text/css">
.log { display: none;} 
.stack-trace { display: none;} 
</style>
<script type="text/javascript">
<!--
function flip(e) {
  current = e.style.display;
  if (current == 'block') {
    e.style.display = 'none';
    return 0;
  }
  else {
    e.style.display = 'block';
    return 1;
  }
}

function toggleBox(szDivId, elem, msg1, msg2)
{
  var res = -1;  if (document.getElementById) {
    res = flip(document.getElementById(szDivId));
  }
  else if (document.all) {
    // this is the way old msie versions work
    res = flip(document.all[szDivId]);
  }
  if(elem) {
    if(res == 0) elem.innerHTML = msg1; else elem.innerHTML = msg2;
  }

}

function toggleAllBoxes() {
  if (document.getElementsByTagName) {
    d = document.getElementsByTagName('div');
    for (i = 0; i < d.length; i++) {
      if (d[i].className == 'log') {
        flip(d[i]);
      }
    }
  }
}

// -->
</script>

</head>
<body>
<h2 align='center'>Test</h2><table border='1' align="center">
<tr>
<td>Tests passed/Failed/Skipped:</td><td>24/4/0</td>
</tr><tr>
<td>Started on:</td><td>Thu Dec 29 12:28:18 IST 2022</td>
</tr>
<tr><td>Total time:</td><td>582 seconds (582588 ms)</td>
</tr><tr>
<td>Included groups:</td><td></td>
</tr><tr>
<td>Excluded groups:</td><td></td>
</tr>
</table><p/>
<small><i>(Hover the method name to see the test class name)</i></small><p/>
<table width='100%' border='1' class='invocation-failed'>
<tr><td colspan='4' align='center'><b>FAILED TESTS</b></td></tr>
<tr><td><b>Test method</b></td>
<td width="30%"><b>Exception</b></td>
<td width="10%"><b>Time (seconds)</b></td>
<td><b>Instance</b></td>
</tr>
<tr>
<td title='stateSecretaryExecutePageClass.PlayerApprovalExecuteTestClass.verifyWithClubRegisterdPlayerApproval()'><b>verifyWithClubRegisterdPlayerApproval</b><br>Test class: stateSecretaryExecutePageClass.PlayerApprovalExecuteTestClass</td>
<td><div><pre>org.openqa.selenium.NoSuchElementException: no such element: Unable to locate element: {&quot;method&quot;:&quot;xpath&quot;,&quot;selector&quot;:&quot;//*[@id=&quot;1&quot;]/td[4]&quot;}
  (Session info: chrome=108.0.5359.125)
For documentation on this error, please visit: https://selenium.dev/exceptions/#no_such_element
Build info: version: &apos;4.6.0&apos;, revision: &apos;79f1c02ae20&apos;
System info: os.name: &apos;Windows 10&apos;, os.arch: &apos;amd64&apos;, os.version: &apos;10.0&apos;, java.version: &apos;19.0.1&apos;
Driver info: org.openqa.selenium.chrome.ChromeDriver
Command: [e090bc0db1df0d2cd229cdb1696bce1c, findElement {using=xpath, value=//*[@id=&quot;1&quot;]/td[4]}]
Capabilities {acceptInsecureCerts: false, browserName: chrome, browserVersion: 108.0.5359.125, chrome: {chromedriverVersion: 108.0.5359.71 (1e0e3868ee06..., userDataDir: C:\Users\DELL\AppData\Local...}, goog:chromeOptions: {debuggerAddress: localhost:60847}, networkConnectionEnabled: false, pageLoadStrategy: normal, platformName: WINDOWS, proxy: Proxy(), se:cdp: ws://localhost:60847/devtoo..., se:cdpVersion: 108.0.5359.125, setWindowRect: true, strictFileInteractability: false, timeouts: {implicit: 0, pageLoad: 300000, script: 30000}, unhandledPromptBehavior: dismiss and notify, webauthn:extension:credBlob: true, webauthn:extension:largeBlob: true, webauthn:virtualAuthenticators: true}
Session ID: e090bc0db1df0d2cd229cdb1696bce1c
	at org.openqa.selenium.remote.codec.w3c.W3CHttpResponseCodec.createException(W3CHttpResponseCodec.java:200)
	at org.openqa.selenium.remote.codec.w3c.W3CHttpResponseCodec.decode(W3CHttpResponseCodec.java:133)
	at org.openqa.selenium.remote.codec.w3c.W3CHttpResponseCodec.decode(W3CHttpResponseCodec.java:53)
	at org.openqa.selenium.remote.HttpCommandExecutor.execute(HttpCommandExecutor.java:184)
	at org.openqa.selenium.remote.service.DriverCommandExecutor.invokeExecute(DriverCommandExecutor.java:167)
	at org.openqa.selenium.remote.service.DriverCommandExecutor.execute(DriverCommandExecutor.java:142)
	at org.openqa.selenium.remote.RemoteWebDriver.execute(RemoteWebDriver.java:541)
	at org.openqa.selenium.remote.ElementLocation$ElementFinder$2.findElement(ElementLocation.java:162)
	at org.openqa.selenium.remote.ElementLocation.findElement(ElementLocation.java:60)
	at org.openqa.selenium.remote.RemoteWebDriver.findElement(RemoteWebDriver.java:365)
	at org.openqa.selenium.remote.RemoteWebDriver.findElement(RemoteWebDriver.java:357)
	at org.openqa.selenium.support.pagefactory.DefaultElementLocator.findElement(DefaultElementLocator.java:70)
	at org.openqa.selenium.support.pagefactory.internal.LocatingElementHandler.invoke(LocatingElementHandler.java:39)
	at jdk.proxy2/jdk.proxy2.$Proxy18.click(Unknown Source)
	at utility.GeneralUtilities.clickElement(GeneralUtilities.java:24)
	at stateSecretaryLogin.PlayerApprovalPage.clickOnCheckBox(PlayerApprovalPage.java:106)
	at stateSecretaryExecutePageClass.PlayerApprovalExecuteTestClass.verifyWithClubRegisterdPlayerApproval(PlayerApprovalExecuteTestClass.java:107)
	at java.base/java.util.ArrayList.forEach(ArrayList.java:1511)
... Removed 28 stack frames</pre></div><a href='#' onClick='toggleBox("stack-trace1803161368", this, "Click to show all stack frames", "Click to hide stack frames")'>Click to show all stack frames</a>
<div class='stack-trace' id='stack-trace1803161368'><pre>org.openqa.selenium.NoSuchElementException: no such element: Unable to locate element: {&quot;method&quot;:&quot;xpath&quot;,&quot;selector&quot;:&quot;//*[@id=&quot;1&quot;]/td[4]&quot;}
  (Session info: chrome=108.0.5359.125)
For documentation on this error, please visit: https://selenium.dev/exceptions/#no_such_element
Build info: version: &apos;4.6.0&apos;, revision: &apos;79f1c02ae20&apos;
System info: os.name: &apos;Windows 10&apos;, os.arch: &apos;amd64&apos;, os.version: &apos;10.0&apos;, java.version: &apos;19.0.1&apos;
Driver info: org.openqa.selenium.chrome.ChromeDriver
Command: [e090bc0db1df0d2cd229cdb1696bce1c, findElement {using=xpath, value=//*[@id=&quot;1&quot;]/td[4]}]
Capabilities {acceptInsecureCerts: false, browserName: chrome, browserVersion: 108.0.5359.125, chrome: {chromedriverVersion: 108.0.5359.71 (1e0e3868ee06..., userDataDir: C:\Users\DELL\AppData\Local...}, goog:chromeOptions: {debuggerAddress: localhost:60847}, networkConnectionEnabled: false, pageLoadStrategy: normal, platformName: WINDOWS, proxy: Proxy(), se:cdp: ws://localhost:60847/devtoo..., se:cdpVersion: 108.0.5359.125, setWindowRect: true, strictFileInteractability: false, timeouts: {implicit: 0, pageLoad: 300000, script: 30000}, unhandledPromptBehavior: dismiss and notify, webauthn:extension:credBlob: true, webauthn:extension:largeBlob: true, webauthn:virtualAuthenticators: true}
Session ID: e090bc0db1df0d2cd229cdb1696bce1c
	at java.base/jdk.internal.reflect.DirectConstructorHandleAccessor.newInstance(DirectConstructorHandleAccessor.java:67)
	at java.base/java.lang.reflect.Constructor.newInstanceWithCaller(Constructor.java:500)
	at java.base/java.lang.reflect.Constructor.newInstance(Constructor.java:484)
	at org.openqa.selenium.remote.codec.w3c.W3CHttpResponseCodec.createException(W3CHttpResponseCodec.java:200)
	at org.openqa.selenium.remote.codec.w3c.W3CHttpResponseCodec.decode(W3CHttpResponseCodec.java:133)
	at org.openqa.selenium.remote.codec.w3c.W3CHttpResponseCodec.decode(W3CHttpResponseCodec.java:53)
	at org.openqa.selenium.remote.HttpCommandExecutor.execute(HttpCommandExecutor.java:184)
	at org.openqa.selenium.remote.service.DriverCommandExecutor.invokeExecute(DriverCommandExecutor.java:167)
	at org.openqa.selenium.remote.service.DriverCommandExecutor.execute(DriverCommandExecutor.java:142)
	at org.openqa.selenium.remote.RemoteWebDriver.execute(RemoteWebDriver.java:541)
	at org.openqa.selenium.remote.ElementLocation$ElementFinder$2.findElement(ElementLocation.java:162)
	at org.openqa.selenium.remote.ElementLocation.findElement(ElementLocation.java:60)
	at org.openqa.selenium.remote.RemoteWebDriver.findElement(RemoteWebDriver.java:365)
	at org.openqa.selenium.remote.RemoteWebDriver.findElement(RemoteWebDriver.java:357)
	at org.openqa.selenium.support.pagefactory.DefaultElementLocator.findElement(DefaultElementLocator.java:70)
	at org.openqa.selenium.support.pagefactory.internal.LocatingElementHandler.invoke(LocatingElementHandler.java:39)
	at jdk.proxy2/jdk.proxy2.$Proxy18.click(Unknown Source)
	at utility.GeneralUtilities.clickElement(GeneralUtilities.java:24)
	at stateSecretaryLogin.PlayerApprovalPage.clickOnCheckBox(PlayerApprovalPage.java:106)
	at stateSecretaryExecutePageClass.PlayerApprovalExecuteTestClass.verifyWithClubRegisterdPlayerApproval(PlayerApprovalExecuteTestClass.java:107)
	at java.base/jdk.internal.reflect.DirectMethodHandleAccessor.invoke(DirectMethodHandleAccessor.java:104)
	at java.base/java.lang.reflect.Method.invoke(Method.java:578)
	at org.testng.internal.MethodInvocationHelper.invokeMethod(MethodInvocationHelper.java:133)
	at org.testng.internal.TestInvoker.invokeMethod(TestInvoker.java:598)
	at org.testng.internal.TestInvoker.invokeTestMethod(TestInvoker.java:173)
	at org.testng.internal.MethodRunner.runInSequence(MethodRunner.java:46)
	at org.testng.internal.TestInvoker$MethodInvocationAgent.invoke(TestInvoker.java:824)
	at org.testng.internal.TestInvoker.invokeTestMethods(TestInvoker.java:146)
	at org.testng.internal.TestMethodWorker.invokeTestMethods(TestMethodWorker.java:146)
	at org.testng.internal.TestMethodWorker.run(TestMethodWorker.java:128)
	at java.base/java.util.ArrayList.forEach(ArrayList.java:1511)
	at org.testng.TestRunner.privateRun(TestRunner.java:794)
	at org.testng.TestRunner.run(TestRunner.java:596)
	at org.testng.SuiteRunner.runTest(SuiteRunner.java:377)
	at org.testng.SuiteRunner.runSequentially(SuiteRunner.java:371)
	at org.testng.SuiteRunner.privateRun(SuiteRunner.java:332)
	at org.testng.SuiteRunner.run(SuiteRunner.java:276)
	at org.testng.SuiteRunnerWorker.runSuite(SuiteRunnerWorker.java:53)
	at org.testng.SuiteRunnerWorker.run(SuiteRunnerWorker.java:96)
	at org.testng.TestNG.runSuitesSequentially(TestNG.java:1212)
	at org.testng.TestNG.runSuitesLocally(TestNG.java:1134)
	at org.testng.TestNG.runSuites(TestNG.java:1063)
	at org.testng.TestNG.run(TestNG.java:1031)
	at org.testng.remote.AbstractRemoteTestNG.run(AbstractRemoteTestNG.java:115)
	at org.testng.remote.RemoteTestNG.initAndRun(RemoteTestNG.java:251)
	at org.testng.remote.RemoteTestNG.main(RemoteTestNG.java:77)
</pre></div></td>
<td>41</td>
<td>stateSecretaryExecutePageClass.PlayerApprovalExecuteTestClass@5d908d47</td></tr>
<tr>
<td title='stateSecretaryExecutePageClass.PlayerRegistrationExecuteTestClass.verifyWhetherTheSecretaryCanDeleteSavedPlayer()'><b>verifyWhetherTheSecretaryCanDeleteSavedPlayer</b><br>Test class: stateSecretaryExecutePageClass.PlayerRegistrationExecuteTestClass</td>
<td><div><pre>org.openqa.selenium.NoSuchElementException: no such element: Unable to locate element: {&quot;method&quot;:&quot;xpath&quot;,&quot;selector&quot;:&quot;//table[@id=&apos;tblplayerlists&apos;]/tbody/tr[2]/td[14]&quot;}
  (Session info: chrome=108.0.5359.125)
For documentation on this error, please visit: https://selenium.dev/exceptions/#no_such_element
Build info: version: &apos;4.6.0&apos;, revision: &apos;79f1c02ae20&apos;
System info: os.name: &apos;Windows 10&apos;, os.arch: &apos;amd64&apos;, os.version: &apos;10.0&apos;, java.version: &apos;19.0.1&apos;
Driver info: org.openqa.selenium.chrome.ChromeDriver
Command: [6312b4aba5c233c6e4305e29e23dcf8d, findElement {using=xpath, value=//table[@id=&apos;tblplayerlists&apos;]/tbody/tr[2]/td[14]}]
Capabilities {acceptInsecureCerts: false, browserName: chrome, browserVersion: 108.0.5359.125, chrome: {chromedriverVersion: 108.0.5359.71 (1e0e3868ee06..., userDataDir: C:\Users\DELL\AppData\Local...}, goog:chromeOptions: {debuggerAddress: localhost:61153}, networkConnectionEnabled: false, pageLoadStrategy: normal, platformName: WINDOWS, proxy: Proxy(), se:cdp: ws://localhost:61153/devtoo..., se:cdpVersion: 108.0.5359.125, setWindowRect: true, strictFileInteractability: false, timeouts: {implicit: 0, pageLoad: 300000, script: 30000}, unhandledPromptBehavior: dismiss and notify, webauthn:extension:credBlob: true, webauthn:extension:largeBlob: true, webauthn:virtualAuthenticators: true}
Session ID: 6312b4aba5c233c6e4305e29e23dcf8d
	at org.openqa.selenium.remote.codec.w3c.W3CHttpResponseCodec.createException(W3CHttpResponseCodec.java:200)
	at org.openqa.selenium.remote.codec.w3c.W3CHttpResponseCodec.decode(W3CHttpResponseCodec.java:133)
	at org.openqa.selenium.remote.codec.w3c.W3CHttpResponseCodec.decode(W3CHttpResponseCodec.java:53)
	at org.openqa.selenium.remote.HttpCommandExecutor.execute(HttpCommandExecutor.java:184)
	at org.openqa.selenium.remote.service.DriverCommandExecutor.invokeExecute(DriverCommandExecutor.java:167)
	at org.openqa.selenium.remote.service.DriverCommandExecutor.execute(DriverCommandExecutor.java:142)
	at org.openqa.selenium.remote.RemoteWebDriver.execute(RemoteWebDriver.java:541)
	at org.openqa.selenium.remote.ElementLocation$ElementFinder$2.findElement(ElementLocation.java:162)
	at org.openqa.selenium.remote.ElementLocation.findElement(ElementLocation.java:60)
	at org.openqa.selenium.remote.RemoteWebDriver.findElement(RemoteWebDriver.java:365)
	at org.openqa.selenium.remote.RemoteWebDriver.findElement(RemoteWebDriver.java:357)
	at org.openqa.selenium.support.pagefactory.DefaultElementLocator.findElement(DefaultElementLocator.java:70)
	at org.openqa.selenium.support.pagefactory.internal.LocatingElementHandler.invoke(LocatingElementHandler.java:39)
	at jdk.proxy2/jdk.proxy2.$Proxy18.click(Unknown Source)
	at utility.GeneralUtilities.clickElement(GeneralUtilities.java:24)
	at stateSecretaryLogin.PlayerRegistrationPage.deletePlayerUpdatedPlayer(PlayerRegistrationPage.java:659)
	at stateSecretaryExecutePageClass.PlayerRegistrationExecuteTestClass.verifyWhetherTheSecretaryCanDeleteSavedPlayer(PlayerRegistrationExecuteTestClass.java:214)
	at java.base/java.util.ArrayList.forEach(ArrayList.java:1511)
... Removed 28 stack frames</pre></div><a href='#' onClick='toggleBox("stack-trace83827469", this, "Click to show all stack frames", "Click to hide stack frames")'>Click to show all stack frames</a>
<div class='stack-trace' id='stack-trace83827469'><pre>org.openqa.selenium.NoSuchElementException: no such element: Unable to locate element: {&quot;method&quot;:&quot;xpath&quot;,&quot;selector&quot;:&quot;//table[@id=&apos;tblplayerlists&apos;]/tbody/tr[2]/td[14]&quot;}
  (Session info: chrome=108.0.5359.125)
For documentation on this error, please visit: https://selenium.dev/exceptions/#no_such_element
Build info: version: &apos;4.6.0&apos;, revision: &apos;79f1c02ae20&apos;
System info: os.name: &apos;Windows 10&apos;, os.arch: &apos;amd64&apos;, os.version: &apos;10.0&apos;, java.version: &apos;19.0.1&apos;
Driver info: org.openqa.selenium.chrome.ChromeDriver
Command: [6312b4aba5c233c6e4305e29e23dcf8d, findElement {using=xpath, value=//table[@id=&apos;tblplayerlists&apos;]/tbody/tr[2]/td[14]}]
Capabilities {acceptInsecureCerts: false, browserName: chrome, browserVersion: 108.0.5359.125, chrome: {chromedriverVersion: 108.0.5359.71 (1e0e3868ee06..., userDataDir: C:\Users\DELL\AppData\Local...}, goog:chromeOptions: {debuggerAddress: localhost:61153}, networkConnectionEnabled: false, pageLoadStrategy: normal, platformName: WINDOWS, proxy: Proxy(), se:cdp: ws://localhost:61153/devtoo..., se:cdpVersion: 108.0.5359.125, setWindowRect: true, strictFileInteractability: false, timeouts: {implicit: 0, pageLoad: 300000, script: 30000}, unhandledPromptBehavior: dismiss and notify, webauthn:extension:credBlob: true, webauthn:extension:largeBlob: true, webauthn:virtualAuthenticators: true}
Session ID: 6312b4aba5c233c6e4305e29e23dcf8d
	at java.base/jdk.internal.reflect.DirectConstructorHandleAccessor.newInstance(DirectConstructorHandleAccessor.java:67)
	at java.base/java.lang.reflect.Constructor.newInstanceWithCaller(Constructor.java:500)
	at java.base/java.lang.reflect.Constructor.newInstance(Constructor.java:484)
	at org.openqa.selenium.remote.codec.w3c.W3CHttpResponseCodec.createException(W3CHttpResponseCodec.java:200)
	at org.openqa.selenium.remote.codec.w3c.W3CHttpResponseCodec.decode(W3CHttpResponseCodec.java:133)
	at org.openqa.selenium.remote.codec.w3c.W3CHttpResponseCodec.decode(W3CHttpResponseCodec.java:53)
	at org.openqa.selenium.remote.HttpCommandExecutor.execute(HttpCommandExecutor.java:184)
	at org.openqa.selenium.remote.service.DriverCommandExecutor.invokeExecute(DriverCommandExecutor.java:167)
	at org.openqa.selenium.remote.service.DriverCommandExecutor.execute(DriverCommandExecutor.java:142)
	at org.openqa.selenium.remote.RemoteWebDriver.execute(RemoteWebDriver.java:541)
	at org.openqa.selenium.remote.ElementLocation$ElementFinder$2.findElement(ElementLocation.java:162)
	at org.openqa.selenium.remote.ElementLocation.findElement(ElementLocation.java:60)
	at org.openqa.selenium.remote.RemoteWebDriver.findElement(RemoteWebDriver.java:365)
	at org.openqa.selenium.remote.RemoteWebDriver.findElement(RemoteWebDriver.java:357)
	at org.openqa.selenium.support.pagefactory.DefaultElementLocator.findElement(DefaultElementLocator.java:70)
	at org.openqa.selenium.support.pagefactory.internal.LocatingElementHandler.invoke(LocatingElementHandler.java:39)
	at jdk.proxy2/jdk.proxy2.$Proxy18.click(Unknown Source)
	at utility.GeneralUtilities.clickElement(GeneralUtilities.java:24)
	at stateSecretaryLogin.PlayerRegistrationPage.deletePlayerUpdatedPlayer(PlayerRegistrationPage.java:659)
	at stateSecretaryExecutePageClass.PlayerRegistrationExecuteTestClass.verifyWhetherTheSecretaryCanDeleteSavedPlayer(PlayerRegistrationExecuteTestClass.java:214)
	at java.base/jdk.internal.reflect.DirectMethodHandleAccessor.invoke(DirectMethodHandleAccessor.java:104)
	at java.base/java.lang.reflect.Method.invoke(Method.java:578)
	at org.testng.internal.MethodInvocationHelper.invokeMethod(MethodInvocationHelper.java:133)
	at org.testng.internal.TestInvoker.invokeMethod(TestInvoker.java:598)
	at org.testng.internal.TestInvoker.invokeTestMethod(TestInvoker.java:173)
	at org.testng.internal.MethodRunner.runInSequence(MethodRunner.java:46)
	at org.testng.internal.TestInvoker$MethodInvocationAgent.invoke(TestInvoker.java:824)
	at org.testng.internal.TestInvoker.invokeTestMethods(TestInvoker.java:146)
	at org.testng.internal.TestMethodWorker.invokeTestMethods(TestMethodWorker.java:146)
	at org.testng.internal.TestMethodWorker.run(TestMethodWorker.java:128)
	at java.base/java.util.ArrayList.forEach(ArrayList.java:1511)
	at org.testng.TestRunner.privateRun(TestRunner.java:794)
	at org.testng.TestRunner.run(TestRunner.java:596)
	at org.testng.SuiteRunner.runTest(SuiteRunner.java:377)
	at org.testng.SuiteRunner.runSequentially(SuiteRunner.java:371)
	at org.testng.SuiteRunner.privateRun(SuiteRunner.java:332)
	at org.testng.SuiteRunner.run(SuiteRunner.java:276)
	at org.testng.SuiteRunnerWorker.runSuite(SuiteRunnerWorker.java:53)
	at org.testng.SuiteRunnerWorker.run(SuiteRunnerWorker.java:96)
	at org.testng.TestNG.runSuitesSequentially(TestNG.java:1212)
	at org.testng.TestNG.runSuitesLocally(TestNG.java:1134)
	at org.testng.TestNG.runSuites(TestNG.java:1063)
	at org.testng.TestNG.run(TestNG.java:1031)
	at org.testng.remote.AbstractRemoteTestNG.run(AbstractRemoteTestNG.java:115)
	at org.testng.remote.RemoteTestNG.initAndRun(RemoteTestNG.java:251)
	at org.testng.remote.RemoteTestNG.main(RemoteTestNG.java:77)
</pre></div></td>
<td>45</td>
<td>stateSecretaryExecutePageClass.PlayerRegistrationExecuteTestClass@1c9b0314</td></tr>
<tr>
<td title='stateSecretaryExecutePageClass.PlayerApprovalExecuteTestClass.verifyWithDistrictSecretaryRegisterdPlayerApproval()'><b>verifyWithDistrictSecretaryRegisterdPlayerApproval</b><br>Test class: stateSecretaryExecutePageClass.PlayerApprovalExecuteTestClass</td>
<td><div><pre>org.openqa.selenium.NoSuchElementException: no such element: Unable to locate element: {&quot;method&quot;:&quot;xpath&quot;,&quot;selector&quot;:&quot;//*[@id=&quot;1&quot;]/td[4]&quot;}
  (Session info: chrome=108.0.5359.125)
For documentation on this error, please visit: https://selenium.dev/exceptions/#no_such_element
Build info: version: &apos;4.6.0&apos;, revision: &apos;79f1c02ae20&apos;
System info: os.name: &apos;Windows 10&apos;, os.arch: &apos;amd64&apos;, os.version: &apos;10.0&apos;, java.version: &apos;19.0.1&apos;
Driver info: org.openqa.selenium.chrome.ChromeDriver
Command: [30a565d500dcb8a65d01a4178a35e703, findElement {using=xpath, value=//*[@id=&quot;1&quot;]/td[4]}]
Capabilities {acceptInsecureCerts: false, browserName: chrome, browserVersion: 108.0.5359.125, chrome: {chromedriverVersion: 108.0.5359.71 (1e0e3868ee06..., userDataDir: C:\Users\DELL\AppData\Local...}, goog:chromeOptions: {debuggerAddress: localhost:60899}, networkConnectionEnabled: false, pageLoadStrategy: normal, platformName: WINDOWS, proxy: Proxy(), se:cdp: ws://localhost:60899/devtoo..., se:cdpVersion: 108.0.5359.125, setWindowRect: true, strictFileInteractability: false, timeouts: {implicit: 0, pageLoad: 300000, script: 30000}, unhandledPromptBehavior: dismiss and notify, webauthn:extension:credBlob: true, webauthn:extension:largeBlob: true, webauthn:virtualAuthenticators: true}
Session ID: 30a565d500dcb8a65d01a4178a35e703
	at org.openqa.selenium.remote.codec.w3c.W3CHttpResponseCodec.createException(W3CHttpResponseCodec.java:200)
	at org.openqa.selenium.remote.codec.w3c.W3CHttpResponseCodec.decode(W3CHttpResponseCodec.java:133)
	at org.openqa.selenium.remote.codec.w3c.W3CHttpResponseCodec.decode(W3CHttpResponseCodec.java:53)
	at org.openqa.selenium.remote.HttpCommandExecutor.execute(HttpCommandExecutor.java:184)
	at org.openqa.selenium.remote.service.DriverCommandExecutor.invokeExecute(DriverCommandExecutor.java:167)
	at org.openqa.selenium.remote.service.DriverCommandExecutor.execute(DriverCommandExecutor.java:142)
	at org.openqa.selenium.remote.RemoteWebDriver.execute(RemoteWebDriver.java:541)
	at org.openqa.selenium.remote.ElementLocation$ElementFinder$2.findElement(ElementLocation.java:162)
	at org.openqa.selenium.remote.ElementLocation.findElement(ElementLocation.java:60)
	at org.openqa.selenium.remote.RemoteWebDriver.findElement(RemoteWebDriver.java:365)
	at org.openqa.selenium.remote.RemoteWebDriver.findElement(RemoteWebDriver.java:357)
	at org.openqa.selenium.support.pagefactory.DefaultElementLocator.findElement(DefaultElementLocator.java:70)
	at org.openqa.selenium.support.pagefactory.internal.LocatingElementHandler.invoke(LocatingElementHandler.java:39)
	at jdk.proxy2/jdk.proxy2.$Proxy18.click(Unknown Source)
	at utility.GeneralUtilities.clickElement(GeneralUtilities.java:24)
	at stateSecretaryLogin.PlayerApprovalPage.clickOnCheckBox(PlayerApprovalPage.java:106)
	at stateSecretaryExecutePageClass.PlayerApprovalExecuteTestClass.verifyWithDistrictSecretaryRegisterdPlayerApproval(PlayerApprovalExecuteTestClass.java:145)
	at java.base/java.util.ArrayList.forEach(ArrayList.java:1511)
... Removed 28 stack frames</pre></div><a href='#' onClick='toggleBox("stack-trace216577438", this, "Click to show all stack frames", "Click to hide stack frames")'>Click to show all stack frames</a>
<div class='stack-trace' id='stack-trace216577438'><pre>org.openqa.selenium.NoSuchElementException: no such element: Unable to locate element: {&quot;method&quot;:&quot;xpath&quot;,&quot;selector&quot;:&quot;//*[@id=&quot;1&quot;]/td[4]&quot;}
  (Session info: chrome=108.0.5359.125)
For documentation on this error, please visit: https://selenium.dev/exceptions/#no_such_element
Build info: version: &apos;4.6.0&apos;, revision: &apos;79f1c02ae20&apos;
System info: os.name: &apos;Windows 10&apos;, os.arch: &apos;amd64&apos;, os.version: &apos;10.0&apos;, java.version: &apos;19.0.1&apos;
Driver info: org.openqa.selenium.chrome.ChromeDriver
Command: [30a565d500dcb8a65d01a4178a35e703, findElement {using=xpath, value=//*[@id=&quot;1&quot;]/td[4]}]
Capabilities {acceptInsecureCerts: false, browserName: chrome, browserVersion: 108.0.5359.125, chrome: {chromedriverVersion: 108.0.5359.71 (1e0e3868ee06..., userDataDir: C:\Users\DELL\AppData\Local...}, goog:chromeOptions: {debuggerAddress: localhost:60899}, networkConnectionEnabled: false, pageLoadStrategy: normal, platformName: WINDOWS, proxy: Proxy(), se:cdp: ws://localhost:60899/devtoo..., se:cdpVersion: 108.0.5359.125, setWindowRect: true, strictFileInteractability: false, timeouts: {implicit: 0, pageLoad: 300000, script: 30000}, unhandledPromptBehavior: dismiss and notify, webauthn:extension:credBlob: true, webauthn:extension:largeBlob: true, webauthn:virtualAuthenticators: true}
Session ID: 30a565d500dcb8a65d01a4178a35e703
	at java.base/jdk.internal.reflect.DirectConstructorHandleAccessor.newInstance(DirectConstructorHandleAccessor.java:67)
	at java.base/java.lang.reflect.Constructor.newInstanceWithCaller(Constructor.java:500)
	at java.base/java.lang.reflect.Constructor.newInstance(Constructor.java:484)
	at org.openqa.selenium.remote.codec.w3c.W3CHttpResponseCodec.createException(W3CHttpResponseCodec.java:200)
	at org.openqa.selenium.remote.codec.w3c.W3CHttpResponseCodec.decode(W3CHttpResponseCodec.java:133)
	at org.openqa.selenium.remote.codec.w3c.W3CHttpResponseCodec.decode(W3CHttpResponseCodec.java:53)
	at org.openqa.selenium.remote.HttpCommandExecutor.execute(HttpCommandExecutor.java:184)
	at org.openqa.selenium.remote.service.DriverCommandExecutor.invokeExecute(DriverCommandExecutor.java:167)
	at org.openqa.selenium.remote.service.DriverCommandExecutor.execute(DriverCommandExecutor.java:142)
	at org.openqa.selenium.remote.RemoteWebDriver.execute(RemoteWebDriver.java:541)
	at org.openqa.selenium.remote.ElementLocation$ElementFinder$2.findElement(ElementLocation.java:162)
	at org.openqa.selenium.remote.ElementLocation.findElement(ElementLocation.java:60)
	at org.openqa.selenium.remote.RemoteWebDriver.findElement(RemoteWebDriver.java:365)
	at org.openqa.selenium.remote.RemoteWebDriver.findElement(RemoteWebDriver.java:357)
	at org.openqa.selenium.support.pagefactory.DefaultElementLocator.findElement(DefaultElementLocator.java:70)
	at org.openqa.selenium.support.pagefactory.internal.LocatingElementHandler.invoke(LocatingElementHandler.java:39)
	at jdk.proxy2/jdk.proxy2.$Proxy18.click(Unknown Source)
	at utility.GeneralUtilities.clickElement(GeneralUtilities.java:24)
	at stateSecretaryLogin.PlayerApprovalPage.clickOnCheckBox(PlayerApprovalPage.java:106)
	at stateSecretaryExecutePageClass.PlayerApprovalExecuteTestClass.verifyWithDistrictSecretaryRegisterdPlayerApproval(PlayerApprovalExecuteTestClass.java:145)
	at java.base/jdk.internal.reflect.DirectMethodHandleAccessor.invoke(DirectMethodHandleAccessor.java:104)
	at java.base/java.lang.reflect.Method.invoke(Method.java:578)
	at org.testng.internal.MethodInvocationHelper.invokeMethod(MethodInvocationHelper.java:133)
	at org.testng.internal.TestInvoker.invokeMethod(TestInvoker.java:598)
	at org.testng.internal.TestInvoker.invokeTestMethod(TestInvoker.java:173)
	at org.testng.internal.MethodRunner.runInSequence(MethodRunner.java:46)
	at org.testng.internal.TestInvoker$MethodInvocationAgent.invoke(TestInvoker.java:824)
	at org.testng.internal.TestInvoker.invokeTestMethods(TestInvoker.java:146)
	at org.testng.internal.TestMethodWorker.invokeTestMethods(TestMethodWorker.java:146)
	at org.testng.internal.TestMethodWorker.run(TestMethodWorker.java:128)
	at java.base/java.util.ArrayList.forEach(ArrayList.java:1511)
	at org.testng.TestRunner.privateRun(TestRunner.java:794)
	at org.testng.TestRunner.run(TestRunner.java:596)
	at org.testng.SuiteRunner.runTest(SuiteRunner.java:377)
	at org.testng.SuiteRunner.runSequentially(SuiteRunner.java:371)
	at org.testng.SuiteRunner.privateRun(SuiteRunner.java:332)
	at org.testng.SuiteRunner.run(SuiteRunner.java:276)
	at org.testng.SuiteRunnerWorker.runSuite(SuiteRunnerWorker.java:53)
	at org.testng.SuiteRunnerWorker.run(SuiteRunnerWorker.java:96)
	at org.testng.TestNG.runSuitesSequentially(TestNG.java:1212)
	at org.testng.TestNG.runSuitesLocally(TestNG.java:1134)
	at org.testng.TestNG.runSuites(TestNG.java:1063)
	at org.testng.TestNG.run(TestNG.java:1031)
	at org.testng.remote.AbstractRemoteTestNG.run(AbstractRemoteTestNG.java:115)
	at org.testng.remote.RemoteTestNG.initAndRun(RemoteTestNG.java:251)
	at org.testng.remote.RemoteTestNG.main(RemoteTestNG.java:77)
</pre></div></td>
<td>41</td>
<td>stateSecretaryExecutePageClass.PlayerApprovalExecuteTestClass@5d908d47</td></tr>
<tr>
<td title='stateSecretaryExecutePageClass.PlayerRegistrationExecuteTestClass.verifyWhetherTheSecretaryCanEditSavedPlayer()'><b>verifyWhetherTheSecretaryCanEditSavedPlayer</b><br>Test class: stateSecretaryExecutePageClass.PlayerRegistrationExecuteTestClass</td>
<td><div><pre>org.openqa.selenium.NoSuchElementException: no such element: Unable to locate element: {&quot;method&quot;:&quot;xpath&quot;,&quot;selector&quot;:&quot;//table[@id=&apos;tblplayerlists&apos;]/tbody/tr[2]/td[13]&quot;}
  (Session info: chrome=108.0.5359.125)
For documentation on this error, please visit: https://selenium.dev/exceptions/#no_such_element
Build info: version: &apos;4.6.0&apos;, revision: &apos;79f1c02ae20&apos;
System info: os.name: &apos;Windows 10&apos;, os.arch: &apos;amd64&apos;, os.version: &apos;10.0&apos;, java.version: &apos;19.0.1&apos;
Driver info: org.openqa.selenium.chrome.ChromeDriver
Command: [fca3fedc5b42cff3c9880c472623d98c, findElement {using=xpath, value=//table[@id=&apos;tblplayerlists&apos;]/tbody/tr[2]/td[13]}]
Capabilities {acceptInsecureCerts: false, browserName: chrome, browserVersion: 108.0.5359.125, chrome: {chromedriverVersion: 108.0.5359.71 (1e0e3868ee06..., userDataDir: C:\Users\DELL\AppData\Local...}, goog:chromeOptions: {debuggerAddress: localhost:61208}, networkConnectionEnabled: false, pageLoadStrategy: normal, platformName: WINDOWS, proxy: Proxy(), se:cdp: ws://localhost:61208/devtoo..., se:cdpVersion: 108.0.5359.125, setWindowRect: true, strictFileInteractability: false, timeouts: {implicit: 0, pageLoad: 300000, script: 30000}, unhandledPromptBehavior: dismiss and notify, webauthn:extension:credBlob: true, webauthn:extension:largeBlob: true, webauthn:virtualAuthenticators: true}
Session ID: fca3fedc5b42cff3c9880c472623d98c
	at org.openqa.selenium.remote.codec.w3c.W3CHttpResponseCodec.createException(W3CHttpResponseCodec.java:200)
	at org.openqa.selenium.remote.codec.w3c.W3CHttpResponseCodec.decode(W3CHttpResponseCodec.java:133)
	at org.openqa.selenium.remote.codec.w3c.W3CHttpResponseCodec.decode(W3CHttpResponseCodec.java:53)
	at org.openqa.selenium.remote.HttpCommandExecutor.execute(HttpCommandExecutor.java:184)
	at org.openqa.selenium.remote.service.DriverCommandExecutor.invokeExecute(DriverCommandExecutor.java:167)
	at org.openqa.selenium.remote.service.DriverCommandExecutor.execute(DriverCommandExecutor.java:142)
	at org.openqa.selenium.remote.RemoteWebDriver.execute(RemoteWebDriver.java:541)
	at org.openqa.selenium.remote.ElementLocation$ElementFinder$2.findElement(ElementLocation.java:162)
	at org.openqa.selenium.remote.ElementLocation.findElement(ElementLocation.java:60)
	at org.openqa.selenium.remote.RemoteWebDriver.findElement(RemoteWebDriver.java:365)
	at org.openqa.selenium.remote.RemoteWebDriver.findElement(RemoteWebDriver.java:357)
	at org.openqa.selenium.support.pagefactory.DefaultElementLocator.findElement(DefaultElementLocator.java:70)
	at org.openqa.selenium.support.pagefactory.internal.LocatingElementHandler.invoke(LocatingElementHandler.java:39)
	at jdk.proxy2/jdk.proxy2.$Proxy18.click(Unknown Source)
	at utility.GeneralUtilities.clickElement(GeneralUtilities.java:24)
	at stateSecretaryLogin.PlayerRegistrationPage.ClickOnEditButton(PlayerRegistrationPage.java:576)
	at stateSecretaryExecutePageClass.PlayerRegistrationExecuteTestClass.verifyWhetherTheSecretaryCanEditSavedPlayer(PlayerRegistrationExecuteTestClass.java:126)
	at java.base/java.util.ArrayList.forEach(ArrayList.java:1511)
... Removed 28 stack frames</pre></div><a href='#' onClick='toggleBox("stack-trace369552571", this, "Click to show all stack frames", "Click to hide stack frames")'>Click to show all stack frames</a>
<div class='stack-trace' id='stack-trace369552571'><pre>org.openqa.selenium.NoSuchElementException: no such element: Unable to locate element: {&quot;method&quot;:&quot;xpath&quot;,&quot;selector&quot;:&quot;//table[@id=&apos;tblplayerlists&apos;]/tbody/tr[2]/td[13]&quot;}
  (Session info: chrome=108.0.5359.125)
For documentation on this error, please visit: https://selenium.dev/exceptions/#no_such_element
Build info: version: &apos;4.6.0&apos;, revision: &apos;79f1c02ae20&apos;
System info: os.name: &apos;Windows 10&apos;, os.arch: &apos;amd64&apos;, os.version: &apos;10.0&apos;, java.version: &apos;19.0.1&apos;
Driver info: org.openqa.selenium.chrome.ChromeDriver
Command: [fca3fedc5b42cff3c9880c472623d98c, findElement {using=xpath, value=//table[@id=&apos;tblplayerlists&apos;]/tbody/tr[2]/td[13]}]
Capabilities {acceptInsecureCerts: false, browserName: chrome, browserVersion: 108.0.5359.125, chrome: {chromedriverVersion: 108.0.5359.71 (1e0e3868ee06..., userDataDir: C:\Users\DELL\AppData\Local...}, goog:chromeOptions: {debuggerAddress: localhost:61208}, networkConnectionEnabled: false, pageLoadStrategy: normal, platformName: WINDOWS, proxy: Proxy(), se:cdp: ws://localhost:61208/devtoo..., se:cdpVersion: 108.0.5359.125, setWindowRect: true, strictFileInteractability: false, timeouts: {implicit: 0, pageLoad: 300000, script: 30000}, unhandledPromptBehavior: dismiss and notify, webauthn:extension:credBlob: true, webauthn:extension:largeBlob: true, webauthn:virtualAuthenticators: true}
Session ID: fca3fedc5b42cff3c9880c472623d98c
	at java.base/jdk.internal.reflect.DirectConstructorHandleAccessor.newInstance(DirectConstructorHandleAccessor.java:67)
	at java.base/java.lang.reflect.Constructor.newInstanceWithCaller(Constructor.java:500)
	at java.base/java.lang.reflect.Constructor.newInstance(Constructor.java:484)
	at org.openqa.selenium.remote.codec.w3c.W3CHttpResponseCodec.createException(W3CHttpResponseCodec.java:200)
	at org.openqa.selenium.remote.codec.w3c.W3CHttpResponseCodec.decode(W3CHttpResponseCodec.java:133)
	at org.openqa.selenium.remote.codec.w3c.W3CHttpResponseCodec.decode(W3CHttpResponseCodec.java:53)
	at org.openqa.selenium.remote.HttpCommandExecutor.execute(HttpCommandExecutor.java:184)
	at org.openqa.selenium.remote.service.DriverCommandExecutor.invokeExecute(DriverCommandExecutor.java:167)
	at org.openqa.selenium.remote.service.DriverCommandExecutor.execute(DriverCommandExecutor.java:142)
	at org.openqa.selenium.remote.RemoteWebDriver.execute(RemoteWebDriver.java:541)
	at org.openqa.selenium.remote.ElementLocation$ElementFinder$2.findElement(ElementLocation.java:162)
	at org.openqa.selenium.remote.ElementLocation.findElement(ElementLocation.java:60)
	at org.openqa.selenium.remote.RemoteWebDriver.findElement(RemoteWebDriver.java:365)
	at org.openqa.selenium.remote.RemoteWebDriver.findElement(RemoteWebDriver.java:357)
	at org.openqa.selenium.support.pagefactory.DefaultElementLocator.findElement(DefaultElementLocator.java:70)
	at org.openqa.selenium.support.pagefactory.internal.LocatingElementHandler.invoke(LocatingElementHandler.java:39)
	at jdk.proxy2/jdk.proxy2.$Proxy18.click(Unknown Source)
	at utility.GeneralUtilities.clickElement(GeneralUtilities.java:24)
	at stateSecretaryLogin.PlayerRegistrationPage.ClickOnEditButton(PlayerRegistrationPage.java:576)
	at stateSecretaryExecutePageClass.PlayerRegistrationExecuteTestClass.verifyWhetherTheSecretaryCanEditSavedPlayer(PlayerRegistrationExecuteTestClass.java:126)
	at java.base/jdk.internal.reflect.DirectMethodHandleAccessor.invoke(DirectMethodHandleAccessor.java:104)
	at java.base/java.lang.reflect.Method.invoke(Method.java:578)
	at org.testng.internal.MethodInvocationHelper.invokeMethod(MethodInvocationHelper.java:133)
	at org.testng.internal.TestInvoker.invokeMethod(TestInvoker.java:598)
	at org.testng.internal.TestInvoker.invokeTestMethod(TestInvoker.java:173)
	at org.testng.internal.MethodRunner.runInSequence(MethodRunner.java:46)
	at org.testng.internal.TestInvoker$MethodInvocationAgent.invoke(TestInvoker.java:824)
	at org.testng.internal.TestInvoker.invokeTestMethods(TestInvoker.java:146)
	at org.testng.internal.TestMethodWorker.invokeTestMethods(TestMethodWorker.java:146)
	at org.testng.internal.TestMethodWorker.run(TestMethodWorker.java:128)
	at java.base/java.util.ArrayList.forEach(ArrayList.java:1511)
	at org.testng.TestRunner.privateRun(TestRunner.java:794)
	at org.testng.TestRunner.run(TestRunner.java:596)
	at org.testng.SuiteRunner.runTest(SuiteRunner.java:377)
	at org.testng.SuiteRunner.runSequentially(SuiteRunner.java:371)
	at org.testng.SuiteRunner.privateRun(SuiteRunner.java:332)
	at org.testng.SuiteRunner.run(SuiteRunner.java:276)
	at org.testng.SuiteRunnerWorker.runSuite(SuiteRunnerWorker.java:53)
	at org.testng.SuiteRunnerWorker.run(SuiteRunnerWorker.java:96)
	at org.testng.TestNG.runSuitesSequentially(TestNG.java:1212)
	at org.testng.TestNG.runSuitesLocally(TestNG.java:1134)
	at org.testng.TestNG.runSuites(TestNG.java:1063)
	at org.testng.TestNG.run(TestNG.java:1031)
	at org.testng.remote.AbstractRemoteTestNG.run(AbstractRemoteTestNG.java:115)
	at org.testng.remote.RemoteTestNG.initAndRun(RemoteTestNG.java:251)
	at org.testng.remote.RemoteTestNG.main(RemoteTestNG.java:77)
</pre></div></td>
<td>46</td>
<td>stateSecretaryExecutePageClass.PlayerRegistrationExecuteTestClass@1c9b0314</td></tr>
</table><p>
<table width='100%' border='1' class='invocation-passed'>
<tr><td colspan='4' align='center'><b>PASSED TESTS</b></td></tr>
<tr><td><b>Test method</b></td>
<td width="30%"><b>Exception</b></td>
<td width="10%"><b>Time (seconds)</b></td>
<td><b>Instance</b></td>
</tr>
<tr>
<td title='districtSecretaryExecutePageClass.DistrictSecretaryLoginPageExecuteTestClass.verifywithInvalidUserNameAndValidPassWordfulLogin()'><b>verifywithInvalidUserNameAndValidPassWordfulLogin</b><br>Test class: districtSecretaryExecutePageClass.DistrictSecretaryLoginPageExecuteTestClass</td>
<td></td>
<td>1</td>
<td>districtSecretaryExecutePageClass.DistrictSecretaryLoginPageExecuteTestClass@798162bc</td></tr>
<tr>
<td title='stateSecretaryExecutePageClass.LoginPageExecuteTestClass.verifyLoginWithInvalidUsernameAndValidPassword()'><b>verifyLoginWithInvalidUsernameAndValidPassword</b><br>Test class: stateSecretaryExecutePageClass.LoginPageExecuteTestClass</td>
<td></td>
<td>1</td>
<td>stateSecretaryExecutePageClass.LoginPageExecuteTestClass@1df8da7a</td></tr>
<tr>
<td title='districtSecretaryExecutePageClass.PlayerRegistrationExecuteTestClass.verifyWithPlayerRegistration()'><b>verifyWithPlayerRegistration</b><br>Test class: districtSecretaryExecutePageClass.PlayerRegistrationExecuteTestClass</td>
<td></td>
<td>46</td>
<td>districtSecretaryExecutePageClass.PlayerRegistrationExecuteTestClass@1f9f6368</td></tr>
<tr>
<td title='stateSecretaryExecutePageClass.LoginPageExecuteTestClass.verifyLoginwithInValidUsernameandInvalidPassword()'><b>verifyLoginwithInValidUsernameandInvalidPassword</b><br>Test class: stateSecretaryExecutePageClass.LoginPageExecuteTestClass</td>
<td></td>
<td>1</td>
<td>stateSecretaryExecutePageClass.LoginPageExecuteTestClass@1df8da7a</td></tr>
<tr>
<td title='districtSecretaryExecutePageClass.DistrictSecretaryLoginPageExecuteTestClass.verifywithSuccessfulLogin()'><b>verifywithSuccessfulLogin</b><br>Test class: districtSecretaryExecutePageClass.DistrictSecretaryLoginPageExecuteTestClass</td>
<td></td>
<td>1</td>
<td>districtSecretaryExecutePageClass.DistrictSecretaryLoginPageExecuteTestClass@798162bc</td></tr>
<tr>
<td title='districtSecretaryExecutePageClass.PlayerApprovalPageExecuteTestClass.verifywithSelfRegistredPlayerApproval()'><b>verifywithSelfRegistredPlayerApproval</b><br>Test class: districtSecretaryExecutePageClass.PlayerApprovalPageExecuteTestClass</td>
<td></td>
<td>15</td>
<td>districtSecretaryExecutePageClass.PlayerApprovalPageExecuteTestClass@660acfb</td></tr>
<tr>
<td title='clubExecutePageClass.ClubLoginPageExecuteTestClass.verifywithInvaliUserNameAndInValidPassword()'><b>verifywithInvaliUserNameAndInValidPassword</b><br>Test class: clubExecutePageClass.ClubLoginPageExecuteTestClass</td>
<td></td>
<td>2</td>
<td>clubExecutePageClass.ClubLoginPageExecuteTestClass@2254127a</td></tr>
<tr>
<td title='clubExecutePageClass.ClubLoginPageExecuteTestClass.verifywithvaliUserNameAndInValidPassword()'><b>verifywithvaliUserNameAndInValidPassword</b><br>Test class: clubExecutePageClass.ClubLoginPageExecuteTestClass</td>
<td></td>
<td>1</td>
<td>clubExecutePageClass.ClubLoginPageExecuteTestClass@2254127a</td></tr>
<tr>
<td title='clubExecutePageClass.PlayerApprovalPageExecuteTestClass.verifyWithClickOnMoreInfoButton()'><b>verifyWithClickOnMoreInfoButton</b><br>Test class: clubExecutePageClass.PlayerApprovalPageExecuteTestClass</td>
<td></td>
<td>19</td>
<td>clubExecutePageClass.PlayerApprovalPageExecuteTestClass@7486b455</td></tr>
<tr>
<td title='districtSecretaryExecutePageClass.DistrictSecretaryLoginPageExecuteTestClass.verifywithInValidUserNameAndInValidPassWordfulLogin()'><b>verifywithInValidUserNameAndInValidPassWordfulLogin</b><br>Test class: districtSecretaryExecutePageClass.DistrictSecretaryLoginPageExecuteTestClass</td>
<td></td>
<td>1</td>
<td>districtSecretaryExecutePageClass.DistrictSecretaryLoginPageExecuteTestClass@798162bc</td></tr>
<tr>
<td title='districtSecretaryExecutePageClass.PlayerApprovalPageExecuteTestClass.verifywithMoreInfoButton()'><b>verifywithMoreInfoButton</b><br>Test class: districtSecretaryExecutePageClass.PlayerApprovalPageExecuteTestClass</td>
<td></td>
<td>11</td>
<td>districtSecretaryExecutePageClass.PlayerApprovalPageExecuteTestClass@660acfb</td></tr>
<tr>
<td title='stateSecretaryExecutePageClass.LoginPageExecuteTestClass.verifyLoginwithValidUsernameandInvalidPassword()'><b>verifyLoginwithValidUsernameandInvalidPassword</b><br>Test class: stateSecretaryExecutePageClass.LoginPageExecuteTestClass</td>
<td></td>
<td>1</td>
<td>stateSecretaryExecutePageClass.LoginPageExecuteTestClass@1df8da7a</td></tr>
<tr>
<td title='stateSecretaryExecutePageClass.LoginPageExecuteTestClass.verifyDashBoardPageVisibleOrNot()'><b>verifyDashBoardPageVisibleOrNot</b><br>Test class: stateSecretaryExecutePageClass.LoginPageExecuteTestClass</td>
<td></td>
<td>1</td>
<td>stateSecretaryExecutePageClass.LoginPageExecuteTestClass@1df8da7a</td></tr>
<tr>
<td title='stateSecretaryExecutePageClass.LoginPageExecuteTestClass.verifyLoginwithValidUserNameAndValidPassword()'><b>verifyLoginwithValidUserNameAndValidPassword</b><br>Test class: stateSecretaryExecutePageClass.LoginPageExecuteTestClass</td>
<td></td>
<td>4</td>
<td>stateSecretaryExecutePageClass.LoginPageExecuteTestClass@1df8da7a</td></tr>
<tr>
<td title='clubExecutePageClass.PlayerApprovalPageExecuteTestClass.verifyWithSelfRegisteredPlayerApproval()'><b>verifyWithSelfRegisteredPlayerApproval</b><br>Test class: clubExecutePageClass.PlayerApprovalPageExecuteTestClass</td>
<td></td>
<td>19</td>
<td>clubExecutePageClass.PlayerApprovalPageExecuteTestClass@7486b455</td></tr>
<tr>
<td title='stateSecretaryExecutePageClass.PlayerRegistrationExecuteTestClass.verifyWhetherTheSecretaryCanRegisterNewPlayerOrNot()'><b>verifyWhetherTheSecretaryCanRegisterNewPlayerOrNot</b><br>Test class: stateSecretaryExecutePageClass.PlayerRegistrationExecuteTestClass</td>
<td></td>
<td>31</td>
<td>stateSecretaryExecutePageClass.PlayerRegistrationExecuteTestClass@1c9b0314</td></tr>
<tr>
<td title='stateSecretaryExecutePageClass.PlayerApprovalExecuteTestClass.verifyWithSelfRegisterdMoreInfo()'><b>verifyWithSelfRegisterdMoreInfo</b><br>Test class: stateSecretaryExecutePageClass.PlayerApprovalExecuteTestClass</td>
<td></td>
<td>16</td>
<td>stateSecretaryExecutePageClass.PlayerApprovalExecuteTestClass@5d908d47</td></tr>
<tr>
<td title='homePageExecutePageClass.playerSelfRegistrationExecuteTestClass.verifyWhetherThePlayersuccessfullyDoTheRegistrationorNot()'><b>verifyWhetherThePlayersuccessfullyDoTheRegistrationorNot</b><br>Test class: homePageExecutePageClass.playerSelfRegistrationExecuteTestClass</td>
<td></td>
<td>42</td>
<td>homePageExecutePageClass.playerSelfRegistrationExecuteTestClass@23941fb4</td></tr>
<tr>
<td title='clubExecutePageClass.ClubLoginPageExecuteTestClass.verifywithInvaliUserNameAndValidPassword()'><b>verifywithInvaliUserNameAndValidPassword</b><br>Test class: clubExecutePageClass.ClubLoginPageExecuteTestClass</td>
<td></td>
<td>2</td>
<td>clubExecutePageClass.ClubLoginPageExecuteTestClass@2254127a</td></tr>
<tr>
<td title='stateSecretaryExecutePageClass.PlayerApprovalExecuteTestClass.verifyWithSelfRegisterdPlayerApproval()'><b>verifyWithSelfRegisterdPlayerApproval</b><br>Test class: stateSecretaryExecutePageClass.PlayerApprovalExecuteTestClass</td>
<td></td>
<td>18</td>
<td>stateSecretaryExecutePageClass.PlayerApprovalExecuteTestClass@5d908d47</td></tr>
<tr>
<td title='clubExecutePageClass.ClubLoginPageExecuteTestClass.verifySuccessulLogin()'><b>verifySuccessulLogin</b><br>Test class: clubExecutePageClass.ClubLoginPageExecuteTestClass</td>
<td></td>
<td>3</td>
<td>clubExecutePageClass.ClubLoginPageExecuteTestClass@2254127a</td></tr>
<tr>
<td title='districtSecretaryExecutePageClass.DistrictSecretaryLoginPageExecuteTestClass.verifywithValidUserNameAndInValidPassWordfulLogin()'><b>verifywithValidUserNameAndInValidPassWordfulLogin</b><br>Test class: districtSecretaryExecutePageClass.DistrictSecretaryLoginPageExecuteTestClass</td>
<td></td>
<td>1</td>
<td>districtSecretaryExecutePageClass.DistrictSecretaryLoginPageExecuteTestClass@798162bc</td></tr>
<tr>
<td title='clubExecutePageClass.PlayerRegistrationPageExecuteTestClass.verifyClubCanDoPlayerRegistrationOrNot()'><b>verifyClubCanDoPlayerRegistrationOrNot</b><br>Test class: clubExecutePageClass.PlayerRegistrationPageExecuteTestClass</td>
<td></td>
<td>37</td>
<td>clubExecutePageClass.PlayerRegistrationPageExecuteTestClass@5efa40fe</td></tr>
<tr>
<td title='districtSecretaryExecutePageClass.PlayerApprovalPageExecuteTestClass.verifywithClubRegistredPlayerApproval()'><b>verifywithClubRegistredPlayerApproval</b><br>Test class: districtSecretaryExecutePageClass.PlayerApprovalPageExecuteTestClass</td>
<td></td>
<td>16</td>
<td>districtSecretaryExecutePageClass.PlayerApprovalPageExecuteTestClass@660acfb</td></tr>
</table><p>
</body>
</html>